Copyright 1986-2018 Xilinx, Inc. All Rights Reserved.
--------------------------------------------------------------------------------------------------------------------------------------------------------------------
| Tool Version : Vivado v.2018.3 (win64) Build 2405991 Thu Dec  6 23:38:27 MST 2018
| Date         : Sat Nov 27 16:47:51 2021
| Host         : DESKTOP-S63B3CB running 64-bit major release  (build 9200)
| Command      : report_methodology -file memory_top_methodology_drc_routed.rpt -pb memory_top_methodology_drc_routed.pb -rpx memory_top_methodology_drc_routed.rpx
| Design       : memory_top
| Device       : xc7a100tfgg484-1
| Speed File   : -1
| Design State : Fully Routed
--------------------------------------------------------------------------------------------------------------------------------------------------------------------

Report Methodology

Table of Contents
-----------------
1. REPORT SUMMARY
2. REPORT DETAILS

1. REPORT SUMMARY
-----------------
            Netlist: netlist
          Floorplan: design_1
      Design limits: <entire design considered>
             Max violations: <unlimited>
             Violations found: 2
+----------+----------+----------------------------------------------------+------------+
| Rule     | Severity | Description                                        | Violations |
+----------+----------+----------------------------------------------------+------------+
| TIMING-2 | Warning  | Invalid primary clock source pin                   | 1          |
| TIMING-4 | Warning  | Invalid primary clock redefinition on a clock tree | 1          |
+----------+----------+----------------------------------------------------+------------+

2. REPORT DETAILS
-----------------
TIMING-2#1 Warning
Invalid primary clock source pin  
A primary clock u_clk_div/inst/clk_in1 is created on an inappropriate pin u_clk_div/inst/clk_in1. It is recommended to create a primary clock only on a proper clock source (input port or primitive output pin with no timing arc)
Related violations: <none>

TIMING-4#1 Warning
Invalid primary clock redefinition on a clock tree  
Invalid clock redefinition on a clock tree. The primary clock u_clk_div/inst/clk_in1 is defined downstream of clock clk and overrides its insertion delay and/or waveform definition
Related violations: <none>


