#-----------------------------------------------------------
# Vivado v2018.3 (64-bit)
# SW Build 2405991 on Thu Dec  6 23:38:27 MST 2018
# IP Build 2404404 on Fri Dec  7 01:43:56 MST 2018
# Start of session at: Wed Dec 22 11:05:27 2021
# Process ID: 12812
# Current directory: C:/Users/Administrator/Downloads/diglogic/calculator_hex
# Command line: vivado.exe -gui_launcher_event rodinguilauncherevent3356 C:\Users\Administrator\Downloads\diglogic\calculator_hex\calculator_hex.xpr
# Log file: C:/Users/Administrator/Downloads/diglogic/calculator_hex/vivado.log
# Journal file: C:/Users/Administrator/Downloads/diglogic/calculator_hex\vivado.jou
#-----------------------------------------------------------
start_gui
open_project C:/Users/Administrator/Downloads/diglogic/calculator_hex/calculator_hex.xpr
Scanning sources...
Finished scanning sources
INFO: [IP_Flow 19-234] Refreshing IP repositories
INFO: [IP_Flow 19-1704] No user IP repositories specified
INFO: [IP_Flow 19-2313] Loaded Vivado IP repository 'C:/Xilinx/Vivado/2018.3/data/ip'.
update_compile_order -fileset sources_1
open_hw
reset_run synth_1
launch_runs impl_1 -to_step write_bitstream -jobs 6
[Wed Dec 22 11:06:35 2021] Launched synth_1...
Run output will be captured here: C:/Users/Administrator/Downloads/diglogic/calculator_hex/calculator_hex.runs/synth_1/runme.log
[Wed Dec 22 11:06:35 2021] Launched impl_1...
Run output will be captured here: C:/Users/Administrator/Downloads/diglogic/calculator_hex/calculator_hex.runs/impl_1/runme.log
exit
INFO: [Common 17-206] Exiting Vivado at Wed Dec 22 11:18:02 2021...
