#-----------------------------------------------------------
# Vivado v2018.3 (64-bit)
# SW Build 2405991 on Thu Dec  6 23:38:27 MST 2018
# IP Build 2404404 on Fri Dec  7 01:43:56 MST 2018
# Start of session at: Tue Feb 22 14:06:42 2022
# Process ID: 29292
# Current directory: C:/Users/12644/OneDrive/diglogic/calculator_hex
# Command line: vivado.exe -gui_launcher_event rodinguilauncherevent32304 C:\Users\12644\OneDrive\diglogic\calculator_hex\calculator_hex.xpr
# Log file: C:/Users/12644/OneDrive/diglogic/calculator_hex/vivado.log
# Journal file: C:/Users/12644/OneDrive/diglogic/calculator_hex\vivado.jou
#-----------------------------------------------------------
start_gui
open_project C:/Users/12644/OneDrive/diglogic/calculator_hex/calculator_hex.xpr
INFO: [Project 1-313] Project file moved from 'C:/Users/Administrator/Downloads/diglogic/calculator_hex' since last save.
Scanning sources...
Finished scanning sources
INFO: [IP_Flow 19-234] Refreshing IP repositories
INFO: [IP_Flow 19-1704] No user IP repositories specified
INFO: [IP_Flow 19-2313] Loaded Vivado IP repository 'C:/Xilinx/Vivado/2018.3/data/ip'.
open_project: Time (s): cpu = 00:00:20 ; elapsed = 00:00:10 . Memory (MB): peak = 840.141 ; gain = 173.957
update_compile_order -fileset sources_1
exit
INFO: [Common 17-206] Exiting Vivado at Tue Feb 22 14:07:14 2022...
