#-----------------------------------------------------------
# Vivado v2018.3 (64-bit)
# SW Build 2405991 on Thu Dec  6 23:38:27 MST 2018
# IP Build 2404404 on Fri Dec  7 01:43:56 MST 2018
# Start of session at: Wed Dec 22 11:19:08 2021
# Process ID: 9664
# Current directory: C:/Users/Administrator/Downloads/diglogic/calculator_hex
# Command line: vivado.exe -gui_launcher_event rodinguilauncherevent13520 C:\Users\Administrator\Downloads\diglogic\calculator_hex\calculator_hex.xpr
# Log file: C:/Users/Administrator/Downloads/diglogic/calculator_hex/vivado.log
# Journal file: C:/Users/Administrator/Downloads/diglogic/calculator_hex\vivado.jou
#-----------------------------------------------------------
start_gui
open_project C:/Users/Administrator/Downloads/diglogic/calculator_hex/calculator_hex.xpr
Scanning sources...
Finished scanning sources
INFO: [IP_Flow 19-234] Refreshing IP repositories
INFO: [IP_Flow 19-1704] No user IP repositories specified
INFO: [IP_Flow 19-2313] Loaded Vivado IP repository 'C:/Xilinx/Vivado/2018.3/data/ip'.
exit
INFO: [Common 17-206] Exiting Vivado at Wed Dec 22 11:19:20 2021...
