#
# A fatal error has been detected by the Java Runtime Environment:
#
#  EXCEPTION_ACCESS_VIOLATION (0xc0000005) at pc=0x00007ffa9081a605, pid=86888, tid=81724
#
# JRE version: Java(TM) SE Runtime Environment (9.0+11) (build 9.0.4+11)
# Java VM: Java HotSpot(TM) 64-Bit Server VM (9.0.4+11, mixed mode, tiered, compressed oops, g1 gc, windows-amd64)
# Problematic frame:
# C  [librdi_common.dll+0x17a605]
#
# No core dump will be written. Minidumps are not enabled by default on client versions of Windows
#
# If you would like to submit a bug report, please visit:
#   http://bugreport.java.com/bugreport/crash.jsp
# The crash happened outside the Java Virtual Machine in native code.
# See problematic frame for where to report the bug.
#

---------------  S U M M A R Y ------------

Command Line: -Dsun.java2d.pmoffscreen=false -Dsun.java2d.xrender=false -Dsun.java2d.d3d=false -Dsun.awt.nopixfmt=true -Dsun.java2d.dpiaware=true -Dsun.java2d.uiScale.enabled=false -Xverify:none -Dswing.aatext=true -XX:-UsePerfData -Djdk.map.althashing.threshold=512 -XX:StringTableSize=4072 --add-opens=java.base/java.nio=ALL-UNNAMED --add-opens=java.desktop/sun.swing=ALL-UNNAMED --add-opens=java.desktop/javax.swing=ALL-UNNAMED --add-opens=java.desktop/javax.swing.tree=ALL-UNNAMED --add-opens=java.desktop/javax.swing.plaf.basic=ALL-UNNAMED --add-opens=java.desktop/javax.swing.plaf.synth=ALL-UNNAMED --add-opens=java.desktop/com.sun.awt=ALL-UNNAMED -XX:NewSize=60m -XX:MaxNewSize=60m -Xms128m -Xmx3072m -Xss5m 

Host: 11th Gen Intel(R) Core(TM) i5-11300H @ 3.10GHz, 8 cores, 15G,  Windows 10 , 64 bit Build 19041 (10.0.19041.1202)
Time: Thu Nov 11 20:19:45 2021 ?D1¨²¡À¨º¡Á?¨º¡À?? elapsed time: 108 seconds (0d 0h 1m 48s)

---------------  T H R E A D  ---------------

Current thread (0x000001b384732000):  JavaThread "AWT-EventQueue-0" [_thread_in_native, id=81724, stack(0x0000008a88000000,0x0000008a88500000)]

Stack: [0x0000008a88000000,0x0000008a88500000],  sp=0x0000008a884f45b0,  free space=5073k
Native frames: (J=compiled Java code, j=interpreted, Vv=VM code, C=native code)
C  [librdi_common.dll+0x17a605]
C  [librdi_common.dll+0x16f315]
C  [librdi_common.dll+0x138d2a]
C  [librdi_wavedata.dll+0x263c4a]
C  [librdi_wavedata.dll+0x263230]
C  [librdi_wavedata.dll+0x263ef3]
C  [librdi_wavedata.dll+0x237fb3]
C  [librdi_wavedata.dll+0x238032]
C  [librdi_wavedata.dll+0x2380d1]
C  [librdi_wavedata.dll+0x22ea27]
C  [librdi_wavedata.dll+0x26a74f]
C  0x000001b3e996921c

Java frames: (J=compiled Java code, j=interpreted, Vv=VM code)
j  ui.views.waveform.waveformi.WVExecutive_getNameDataSize(J)J+0
j  ui.views.waveform.executive.a.gBl()Lui/views/waveform/executive/protobuf/WVNameValue$WVNameTreeMessage;+4
j  ui.views.waveform.f.a.gBQ()Ljavax/swing/tree/TreeModel;+7
j  ui.views.waveform.f.a.cPh()V+1
j  ui.views.waveform.f.m.cPh()V+11
j  ui.views.waveform.m.gyT()V+8
j  ui.views.waveform.m.cPh()V+19
j  ui.views.waveform.w.cPh()V+29
j  ui.views.waveform.c.b.j(Lui/frmwork/b/i;)V+76
j  ui.views.waveform.w.a(Lui/frmwork/b/i;)V+13
J 12694 c1 ui.frmwork.b.l.d(Lui/frmwork/b/i;)V (61 bytes) @ 0x000001b3eae6cc1c [0x000001b3eae6c3c0+0x000000000000085c]
J 12680 c1 ui.frmwork.HTclEventBroker.i(JZ)V (471 bytes) @ 0x000001b3eafb18ac [0x000001b3eafad0c0+0x00000000000047ec]
J 12681 c1 ui.frmwork.HTclEventBroker.fireTclEvent(J)I (113 bytes) @ 0x000001b3eae7de4c [0x000001b3eae7d640+0x000000000000080c]
v  ~StubRoutines::call_stub
j  ui.views.waveform.waveformi.WVExecutive_setViewportSize(JII)V+0
j  ui.views.waveform.executive.a.ez(II)V+62
j  ui.views.waveform.c.b.gzM()V+131
j  ui.views.waveform.v.componentResized(Ljava/awt/event/ComponentEvent;)V+10
J 16179 c1 java.awt.AWTEventMulticaster.componentResized(Ljava/awt/event/ComponentEvent;)V java.desktop@9.0.4 (27 bytes) @ 0x000001b3ea831544 [0x000001b3ea831180+0x00000000000003c4]
J 11270 c1 java.awt.Component.processComponentEvent(Ljava/awt/event/ComponentEvent;)V java.desktop@9.0.4 (82 bytes) @ 0x000001b3eb97301c [0x000001b3eb972ca0+0x000000000000037c]
J 12910 c2 java.awt.Container.processEvent(Ljava/awt/AWTEvent;)V java.desktop@9.0.4 (22 bytes) @ 0x000001b3f1de2168 [0x000001b3f1de1fa0+0x00000000000001c8]
J 16305 c2 java.awt.Component.dispatchEventImpl(Ljava/awt/AWTEvent;)V java.desktop@9.0.4 (739 bytes) @ 0x000001b3f22911b8 [0x000001b3f2290140+0x0000000000001078]
J 16694 c1 java.awt.Container.dispatchEventImpl(Ljava/awt/AWTEvent;)V java.desktop@9.0.4 (129 bytes) @ 0x000001b3ec31868c [0x000001b3ec318560+0x000000000000012c]
J 15567 c2 java.awt.EventQueue$3.run()Ljava/lang/Object; java.desktop@9.0.4 (5 bytes) @ 0x000001b3f2145d78 [0x000001b3f2145780+0x00000000000005f8]
v  ~StubRoutines::call_stub
J 2929  java.security.AccessController.doPrivileged(Ljava/security/PrivilegedAction;Ljava/security/AccessControlContext;)Ljava/lang/Object; java.base@9.0.4 (0 bytes) @ 0x000001b3f15af6c6 [0x000001b3f15af660+0x0000000000000066]
J 11180 c1 java.awt.EventQueue$4.run()Ljava/lang/Object; java.desktop@9.0.4 (5 bytes) @ 0x000001b3eb930554 [0x000001b3eb930160+0x00000000000003f4]
v  ~StubRoutines::call_stub
J 2929  java.security.AccessController.doPrivileged(Ljava/security/PrivilegedAction;Ljava/security/AccessControlContext;)Ljava/lang/Object; java.base@9.0.4 (0 bytes) @ 0x000001b3f15af6c6 [0x000001b3f15af660+0x0000000000000066]
J 13047 c2 java.awt.EventQueue.dispatchEvent(Ljava/awt/AWTEvent;)V java.desktop@9.0.4 (80 bytes) @ 0x000001b3f1e01440 [0x000001b3f1e010c0+0x0000000000000380]
J 16320 c2 ui.frmwork.b.d.dispatchEvent(Ljava/awt/AWTEvent;)V (34 bytes) @ 0x000001b3f22a11d8 [0x000001b3f22a1180+0x0000000000000058]
J 16070 c1 java.awt.EventDispatchThread.pumpOneEventForFilters(I)V java.desktop@9.0.4 (218 bytes) @ 0x000001b3ea6ed594 [0x000001b3ea6ec1c0+0x00000000000013d4]
j  java.awt.EventDispatchThread.pumpEventsForFilter(ILjava/awt/Conditional;Ljava/awt/EventFilter;)V+35 java.desktop@9.0.4
j  java.awt.EventDispatchThread.pumpEventsForFilter(Ljava/awt/Conditional;Ljava/awt/EventFilter;)V+4 java.desktop@9.0.4
j  java.awt.WaitDispatchSupport$2.run()V+59 java.desktop@9.0.4
j  java.awt.WaitDispatchSupport$4.run()Ljava/lang/Void;+4 java.desktop@9.0.4
j  java.awt.WaitDispatchSupport$4.run()Ljava/lang/Object;+1 java.desktop@9.0.4
v  ~StubRoutines::call_stub
J 971  java.security.AccessController.doPrivileged(Ljava/security/PrivilegedAction;)Ljava/lang/Object; java.base@9.0.4 (0 bytes) @ 0x000001b3f147d8b2 [0x000001b3f147d860+0x0000000000000052]
j  java.awt.WaitDispatchSupport.enter()Z+260 java.desktop@9.0.4
j  java.awt.Dialog.show()V+225 java.desktop@9.0.4
J 9416 c1 java.awt.Component.setVisible(Z)V java.desktop@9.0.4 (6 bytes) @ 0x000001b3ea7f574c [0x000001b3ea7f5560+0x00000000000001ec]
j  java.awt.Window.setVisible(Z)V+2 java.desktop@9.0.4
j  java.awt.Dialog.setVisible(Z)V+2 java.desktop@9.0.4
j  ui.b.c.g.setVisible(Z)V+2
j  ui.b.c.bx.showDialog()V+64
j  ui.b.c.bE.actionPerformed(Ljava/awt/event/ActionEvent;)V+8
j  ui.b.c.bx.cHE()V+396
j  ui.views.c.s.b.a.run()V+60
j  ui.frmwork.a.dTt()Z+66
j  ui.frmwork.V.dVd()V+42
j  ui.bk.actionPerformed(Ljava/awt/event/ActionEvent;)V+25
j  javax.swing.AbstractButton.fireActionPerformed(Ljava/awt/event/ActionEvent;)V+84 java.desktop@9.0.4
j  ui.utils.o.b.B.fireActionPerformed(Ljava/awt/event/ActionEvent;)V+7
j  javax.swing.AbstractButton$Handler.actionPerformed(Ljava/awt/event/ActionEvent;)V+5 java.desktop@9.0.4
j  javax.swing.DefaultButtonModel.fireActionPerformed(Ljava/awt/event/ActionEvent;)V+34 java.desktop@9.0.4
j  javax.swing.DefaultButtonModel.setPressed(Z)V+117 java.desktop@9.0.4
j  javax.swing.plaf.basic.BasicButtonListener.mouseReleased(Ljava/awt/event/MouseEvent;)V+35 java.desktop@9.0.4
j  com.jidesoft.plaf.basic.BasicJideButtonListener.mouseReleased(Ljava/awt/event/MouseEvent;)V+61
j  java.awt.AWTEventMulticaster.mouseReleased(Ljava/awt/event/MouseEvent;)V+8 java.desktop@9.0.4
j  java.awt.AWTEventMulticaster.mouseReleased(Ljava/awt/event/MouseEvent;)V+8 java.desktop@9.0.4
j  java.awt.AWTEventMulticaster.mouseReleased(Ljava/awt/event/MouseEvent;)V+8 java.desktop@9.0.4
j  java.awt.AWTEventMulticaster.mouseReleased(Ljava/awt/event/MouseEvent;)V+8 java.desktop@9.0.4
J 15426 c1 java.awt.Component.processMouseEvent(Ljava/awt/event/MouseEvent;)V java.desktop@9.0.4 (100 bytes) @ 0x000001b3ebff1234 [0x000001b3ebff0ea0+0x0000000000000394]
J 15425 c1 javax.swing.JComponent.processMouseEvent(Ljava/awt/event/MouseEvent;)V java.desktop@9.0.4 (27 bytes) @ 0x000001b3ebff09ec [0x000001b3ebff07e0+0x000000000000020c]
J 12910 c2 java.awt.Container.processEvent(Ljava/awt/AWTEvent;)V java.desktop@9.0.4 (22 bytes) @ 0x000001b3f1de20c0 [0x000001b3f1de1fa0+0x0000000000000120]
J 16305 c2 java.awt.Component.dispatchEventImpl(Ljava/awt/AWTEvent;)V java.desktop@9.0.4 (739 bytes) @ 0x000001b3f22911b8 [0x000001b3f2290140+0x0000000000001078]
J 12808 c2 java.awt.Container.dispatchEventImpl(Ljava/awt/AWTEvent;)V java.desktop@9.0.4 (129 bytes) @ 0x000001b3f1dc5df8 [0x000001b3f1dc5da0+0x0000000000000058]
J 15824 c2 java.awt.LightweightDispatcher.retargetMouseEvent(Ljava/awt/Component;ILjava/awt/event/MouseEvent;)V java.desktop@9.0.4 (350 bytes) @ 0x000001b3f21a6d0c [0x000001b3f21a6760+0x00000000000005ac]
J 12615 c1 java.awt.LightweightDispatcher.processMouseEvent(Ljava/awt/event/MouseEvent;)Z java.desktop@9.0.4 (265 bytes) @ 0x000001b3eae27434 [0x000001b3eae264c0+0x0000000000000f74]
J 12808 c2 java.awt.Container.dispatchEventImpl(Ljava/awt/AWTEvent;)V java.desktop@9.0.4 (129 bytes) @ 0x000001b3f1dc60e8 [0x000001b3f1dc5da0+0x0000000000000348]
J 12402 c1 java.awt.Window.dispatchEventImpl(Ljava/awt/AWTEvent;)V java.desktop@9.0.4 (23 bytes) @ 0x000001b3ea303374 [0x000001b3ea302da0+0x00000000000005d4]
J 15567 c2 java.awt.EventQueue$3.run()Ljava/lang/Object; java.desktop@9.0.4 (5 bytes) @ 0x000001b3f2145d78 [0x000001b3f2145780+0x00000000000005f8]
v  ~StubRoutines::call_stub
J 2929  java.security.AccessController.doPrivileged(Ljava/security/PrivilegedAction;Ljava/security/AccessControlContext;)Ljava/lang/Object; java.base@9.0.4 (0 bytes) @ 0x000001b3f15af6c6 [0x000001b3f15af660+0x0000000000000066]
J 11180 c1 java.awt.EventQueue$4.run()Ljava/lang/Object; java.desktop@9.0.4 (5 bytes) @ 0x000001b3eb930554 [0x000001b3eb930160+0x00000000000003f4]
v  ~StubRoutines::call_stub
J 2929  java.security.AccessController.doPrivileged(Ljava/security/PrivilegedAction;Ljava/security/AccessControlContext;)Ljava/lang/Object; java.base@9.0.4 (0 bytes) @ 0x000001b3f15af6c6 [0x000001b3f15af660+0x0000000000000066]
J 13047 c2 java.awt.EventQueue.dispatchEvent(Ljava/awt/AWTEvent;)V java.desktop@9.0.4 (80 bytes) @ 0x000001b3f1e01440 [0x000001b3f1e010c0+0x0000000000000380]
J 16320 c2 ui.frmwork.b.d.dispatchEvent(Ljava/awt/AWTEvent;)V (34 bytes) @ 0x000001b3f22a11d8 [0x000001b3f22a1180+0x0000000000000058]
J 16070 c1 java.awt.EventDispatchThread.pumpOneEventForFilters(I)V java.desktop@9.0.4 (218 bytes) @ 0x000001b3ea6ed594 [0x000001b3ea6ec1c0+0x00000000000013d4]
j  java.awt.EventDispatchThread.pumpEventsForFilter(ILjava/awt/Conditional;Ljava/awt/EventFilter;)V+35 java.desktop@9.0.4
j  java.awt.EventDispatchThread.pumpEventsForHierarchy(ILjava/awt/Conditional;Ljava/awt/Component;)V+11 java.desktop@9.0.4
j  java.awt.EventDispatchThread.pumpEvents(ILjava/awt/Conditional;)V+4 java.desktop@9.0.4
j  java.awt.EventDispatchThread.pumpEvents(Ljava/awt/Conditional;)V+3 java.desktop@9.0.4
j  java.awt.EventDispatchThread.run()V+9 java.desktop@9.0.4
v  ~StubRoutines::call_stub

siginfo: EXCEPTION_ACCESS_VIOLATION (0xc0000005), reading address 0xffffffffffffffff


Register to memory mapping:

RIP=0x00007ffa9081a605 librdi_common.dll
RAX=0x000001b3d9304901 is an unknown value
RBX=0x90065165b40b2004 is an unknown value
RCX=0x000001b3d9304900 is an unknown value
RDX=0x90065165b40b2004 is an unknown value
RSP=0x0000008a884f45b0 is pointing into the stack for thread: 0x000001b384732000
RBP=0x0000008a884f46e0 is pointing into the stack for thread: 0x000001b384732000
RSI=0x000001b38945ab40 is an unknown value
RDI=0x0000008a884f47c8 is pointing into the stack for thread: 0x000001b384732000
R8 =0x0000008a884f47c8 is pointing into the stack for thread: 0x000001b384732000
R9 =0x0000000000000000 is an unknown value
R10=0x00007ffae7370000 VCRUNTIME140.dll
R11=0x40033c0000000600 is an unknown value
R12=0x0000008a884f47c8 is pointing into the stack for thread: 0x000001b384732000
R13=0x0000000000000000 is an unknown value
R14=0x000001b3d78a4250 is an unknown value
R15=0x90065165b40b2004 is an unknown value


Registers:
RAX=0x000001b3d9304901, RBX=0x90065165b40b2004, RCX=0x000001b3d9304900, RDX=0x90065165b40b2004
RSP=0x0000008a884f45b0, RBP=0x0000008a884f46e0, RSI=0x000001b38945ab40, RDI=0x0000008a884f47c8
R8 =0x0000008a884f47c8, R9 =0x0000000000000000, R10=0x00007ffae7370000, R11=0x40033c0000000600
R12=0x0000008a884f47c8, R13=0x0000000000000000, R14=0x000001b3d78a4250, R15=0x90065165b40b2004
RIP=0x00007ffa9081a605, EFLAGS=0x0000000000010202

Top of Stack: (sp=0x0000008a884f45b0)
0x0000008a884f45b0:   0000008a884f4839 00007ffad32e3107
0x0000008a884f45c0:   000001b300000000 90065165b40b2004
0x0000008a884f45d0:   90065165b40b2004 00007ffa9080f315
0x0000008a884f45e0:   0000000000000000 00007ffad32e336f
0x0000008a884f45f0:   00001048a13a9260 0000000000000000
0x0000008a884f4600:   0000000000000000 000001b39631c120
0x0000008a884f4610:   0000000000000002 00007ffa90878de5
0x0000008a884f4620:   000001b387da78f0 000001b39631c128
0x0000008a884f4630:   000001b39631c168 000001b39631c120
0x0000008a884f4640:   fffffffffffffffe 00007ffa90dc3cc5
0x0000008a884f4650:   fffffffffffffffe 00007ffa91497e50
0x0000008a884f4660:   000001b39631c120 000001b3d781a3a8
0x0000008a884f4670:   0000008a884f47c8 00007ffa908780d6
0x0000008a884f4680:   000001b39631c120 0000008a884f47c8
0x0000008a884f4690:   000001b300000002 0000000000000000
0x0000008a884f46a0:   fffffffffffffffe 0000000000000030 

Instructions: (pc=0x00007ffa9081a605)
0x00007ffa9081a5e5:   20 48 8b d9 e8 22 c4 04 00 48 8b c8 48 8b d3 e8
0x00007ffa9081a5f5:   27 0d 05 00 84 c0 75 08 33 c0 48 83 c4 20 5b c3
0x00007ffa9081a605:   48 8b 4b 50 48 85 c9 74 0a 48 83 c4 20 5b e9 68
0x00007ffa9081a615:   e2 04 00 48 8b d3 48 8d 0d 56 78 71 00 e8 59 b7 



---------------  P R O C E S S  ---------------

Java Threads: ( => current thread )
  0x000001b390fbf800 JavaThread "Relaunch Simulation" [_thread_blocked, id=81156, stack(0x0000008a8c400000,0x0000008a8c900000)]
  0x000001b390fbe000 JavaThread "Image Animator 0" daemon [_thread_blocked, id=83644, stack(0x0000008a8ce00000,0x0000008a8d300000)]
  0x000001b390fb8800 JavaThread "Thread-70" [_thread_in_native, id=83412, stack(0x0000008a8c400000,0x0000008a8c500000)]
  0x000001b390fb9800 JavaThread "SyntheticaAnimation 50" daemon [_thread_blocked, id=94112, stack(0x0000008a8ad00000,0x0000008a8b200000)]
  0x000001b384787800 JavaThread "hw_ila_monitor" [_thread_blocked, id=60556, stack(0x0000008a87600000,0x0000008a87b00000)]
  0x000001b3e0fc1000 JavaThread "Update Runs Swing Worker" [_thread_blocked, id=71304, stack(0x0000008a89700000,0x0000008a89c00000)]
  0x000001b3e0fc0800 JavaThread "Refresh Filesets Swing Worker" [_thread_blocked, id=91016, stack(0x0000008a88a00000,0x0000008a88f00000)]
  0x000001b3e0fbe000 JavaThread "SyntheticaAnimation 70" daemon [_thread_blocked, id=93668, stack(0x0000008a8b200000,0x0000008a8b700000)]
  0x000001b3e0fbd800 JavaThread "SyntheticaAnimation 25" daemon [_thread_blocked, id=91228, stack(0x0000008a8a800000,0x0000008a8ad00000)]
  0x000001b3e0fc3800 JavaThread "SyntheticaAnimation 50" daemon [_thread_blocked, id=57936, stack(0x0000008a8a300000,0x0000008a8a800000)]
  0x000001b3e0fc2800 JavaThread "Monitor HEventQueue" [_thread_blocked, id=81244, stack(0x0000008a89e00000,0x0000008a8a300000)]
  0x000001b3e0fc2000 JavaThread "Batik CleanerThread" daemon [_thread_blocked, id=44072, stack(0x0000008a88f00000,0x0000008a89400000)]
  0x000001b3e0fbf800 JavaThread "SyntheticaCleanerThread" daemon [_thread_blocked, id=84416, stack(0x0000008a86700000,0x0000008a86c00000)]
  0x000001b3e1a68000 JavaThread "Process Messages" [_thread_blocked, id=89324, stack(0x0000008a88500000,0x0000008a88a00000)]
  0x000001b384735800 JavaThread "Thread-1" [_thread_in_native, id=87984, stack(0x0000008a80e00000,0x0000008a82200000)]
=>0x000001b384732000 JavaThread "AWT-EventQueue-0" [_thread_in_native, id=81724, stack(0x0000008a88000000,0x0000008a88500000)]
  0x000001b384419000 JavaThread "AWT-Shutdown" [_thread_blocked, id=83444, stack(0x0000008a87b00000,0x0000008a88000000)]
  0x000001b3e19f1000 JavaThread "TimerQueue" daemon [_thread_blocked, id=67340, stack(0x0000008a87100000,0x0000008a87600000)]
  0x000001b3e1811000 JavaThread "AWT-Windows" daemon [_thread_in_native, id=82804, stack(0x0000008a86c00000,0x0000008a87100000)]
  0x000001b3e16ea000 JavaThread "Java2D Disposer" daemon [_thread_blocked, id=87332, stack(0x0000008a86200000,0x0000008a86700000)]
  0x000001b3e1208000 JavaThread "Service Thread" daemon [_thread_blocked, id=55508, stack(0x0000008a85c00000,0x0000008a86100000)]
  0x000001b3df5e3000 JavaThread "Common-Cleaner" daemon [_thread_blocked, id=86484, stack(0x0000008a85700000,0x0000008a85c00000)]
  0x000001b3e0fbf000 JavaThread "Sweeper thread" daemon [_thread_blocked, id=90060, stack(0x0000008a85200000,0x0000008a85700000)]
  0x000001b3dfeba000 JavaThread "C1 CompilerThread3" daemon [_thread_blocked, id=67664, stack(0x0000008a85100000,0x0000008a85200000)]
  0x000001b3dffae000 JavaThread "C2 CompilerThread2" daemon [_thread_blocked, id=80828, stack(0x0000008a85000000,0x0000008a85100000)]
  0x000001b3dfb13000 JavaThread "C2 CompilerThread1" daemon [_thread_blocked, id=91432, stack(0x0000008a84f00000,0x0000008a85000000)]
  0x000001b3dfb12800 JavaThread "C2 CompilerThread0" daemon [_thread_blocked, id=92664, stack(0x0000008a84e00000,0x0000008a84f00000)]
  0x000001b3dfa07000 JavaThread "Attach Listener" daemon [_thread_blocked, id=91340, stack(0x0000008a84900000,0x0000008a84e00000)]
  0x000001b3df7db800 JavaThread "Signal Dispatcher" daemon [_thread_blocked, id=93368, stack(0x0000008a84400000,0x0000008a84900000)]
  0x000001b3e26a3000 JavaThread "Finalizer" daemon [_thread_blocked, id=86664, stack(0x0000008a83f00000,0x0000008a84400000)]
  0x000001b3e26a2800 JavaThread "Reference Handler" daemon [_thread_blocked, id=66624, stack(0x0000008a83a00000,0x0000008a83f00000)]
  0x000001b3dedb1000 JavaThread "main" [_thread_blocked, id=91908, stack(0x0000008a80d00000,0x0000008a80e00000)]

Other Threads:
  0x000001b3e0fbc000 VMThread "VM Thread" [stack: 0x0000008a83900000,0x0000008a83a00000] [id=91352]
  0x000001b3e120b000 WatcherThread [stack: 0x0000008a86100000,0x0000008a86200000] [id=62116]
  0x000001b3ddc5e800 GCTaskThread "GC Thread#0" [stack: 0x0000008a82500000,0x0000008a82600000] [id=81668]
  0x000001b3ddc5f000 GCTaskThread "GC Thread#1" [stack: 0x0000008a82600000,0x0000008a82700000] [id=70120]
  0x000001b3e2563800 GCTaskThread "GC Thread#2" [stack: 0x0000008a82700000,0x0000008a82800000] [id=63200]
  0x000001b3e2564000 GCTaskThread "GC Thread#3" [stack: 0x0000008a82800000,0x0000008a82900000] [id=89536]
  0x000001b3deeaf800 GCTaskThread "GC Thread#4" [stack: 0x0000008a82900000,0x0000008a82a00000] [id=91980]
  0x000001b3de080000 GCTaskThread "GC Thread#5" [stack: 0x0000008a82a00000,0x0000008a82b00000] [id=90604]
  0x000001b3e0eaf000 GCTaskThread "GC Thread#6" [stack: 0x0000008a82b00000,0x0000008a82c00000] [id=80940]
  0x000001b3e0eb2000 GCTaskThread "GC Thread#7" [stack: 0x0000008a82c00000,0x0000008a82d00000] [id=82812]
  0x000001b3dfcd7800 ConcurrentGCThread "G1 Main Marker" [stack: 0x0000008a83600000,0x0000008a83700000] [id=87432]
  0x000001b3e0ead800 ConcurrentGCThread "G1 Marker#0" [stack: 0x0000008a83700000,0x0000008a83800000] [id=79528]
  0x000001b3e0eb2800 ConcurrentGCThread "G1 Marker#1" [stack: 0x0000008a83800000,0x0000008a83900000] [id=69996]
  0x000001b3dd778800 ConcurrentGCThread "G1 Refine#0" [stack: 0x0000008a83400000,0x0000008a83500000] [id=89592]
  0x000001b3dd778000 ConcurrentGCThread "G1 Refine#1" [stack: 0x0000008a83300000,0x0000008a83400000] [id=90652]
  0x000001b3e2506800 ConcurrentGCThread "G1 Refine#2" [stack: 0x0000008a83200000,0x0000008a83300000] [id=92528]
  0x000001b3df2a3000 ConcurrentGCThread "G1 Refine#3" [stack: 0x0000008a83100000,0x0000008a83200000] [id=89888]
  0x000001b3e23e7000 ConcurrentGCThread "G1 Refine#4" [stack: 0x0000008a83000000,0x0000008a83100000] [id=87100]
  0x000001b3e23e6800 ConcurrentGCThread "G1 Refine#5" [stack: 0x0000008a82f00000,0x0000008a83000000] [id=56980]
  0x000001b3dec4d000 ConcurrentGCThread "G1 Refine#6" [stack: 0x0000008a82e00000,0x0000008a82f00000] [id=90252]
  0x000001b3dec4c800 ConcurrentGCThread "G1 Refine#7" [stack: 0x0000008a82d00000,0x0000008a82e00000] [id=74516]
  0x000001b3dd8c0000 ConcurrentGCThread "G1 Young RemSet Sampling" [stack: 0x0000008a83500000,0x0000008a83600000] [id=86804]

Threads with active compile tasks:

VM state:not at safepoint (normal execution)

VM Mutex/Monitor currently owned by a thread: None

Heap address: 0x0000000700000000, size: 3072 MB, Compressed Oops mode: Zero based, Oop shift amount: 3
Narrow klass base: 0x0000000000000000, Narrow klass shift: 3
Compressed class space size: 1073741824 Address: 0x00000007c0000000

Heap:
 garbage-first heap   total 227328K, used 107617K [0x0000000700000000, 0x00000007001006f0, 0x00000007c0000000)
  region size 1024K, 37 young (37888K), 1 survivors (1024K)
 Metaspace       used 79484K, capacity 85410K, committed 85680K, reserved 1122304K
  class space    used 11069K, capacity 12087K, committed 12208K, reserved 1048576K
Heap Regions: E=young(eden), S=young(survivor), O=old, HS=humongous(starts), HC=humongous(continues), CS=collection set, F=free, A=archive, TS=gc time stamp, AC=allocation context, TAMS=top-at-mark-start (previous, next)
|   0|0x0000000700000000, 0x0000000700100000, 0x0000000700100000|100%|HS|  |TS  0|AC  0|TAMS 0x0000000700000000, 0x0000000700000000|
|   1|0x0000000700100000, 0x0000000700200000, 0x0000000700200000|100%|HS|  |TS  0|AC  0|TAMS 0x0000000700100000, 0x0000000700100000|
|   2|0x0000000700200000, 0x0000000700300000, 0x0000000700300000|100%|HC|  |TS  0|AC  0|TAMS 0x0000000700200000, 0x0000000700200000|
|   3|0x0000000700300000, 0x0000000700400000, 0x0000000700400000|100%|HS|  |TS  0|AC  0|TAMS 0x0000000700300000, 0x0000000700300000|
|   4|0x0000000700400000, 0x00000007004fffd8, 0x0000000700500000| 99%| O|  |TS  0|AC  0|TAMS 0x0000000700400000, 0x0000000700400000|
|   5|0x0000000700500000, 0x00000007005fffe0, 0x0000000700600000| 99%| O|  |TS  0|AC  0|TAMS 0x0000000700500000, 0x0000000700500000|
|   6|0x0000000700600000, 0x00000007006fffe8, 0x0000000700700000| 99%| O|  |TS  0|AC  0|TAMS 0x0000000700600000, 0x0000000700600000|
|   7|0x0000000700700000, 0x00000007007fdfd0, 0x0000000700800000| 99%| O|  |TS  0|AC  0|TAMS 0x0000000700700000, 0x0000000700700000|
|   8|0x0000000700800000, 0x00000007008ffff0, 0x0000000700900000| 99%| O|  |TS  0|AC  0|TAMS 0x0000000700800000, 0x0000000700800000|
|   9|0x0000000700900000, 0x00000007009fa7c0, 0x0000000700a00000| 97%| O|  |TS  0|AC  0|TAMS 0x0000000700900000, 0x0000000700900000|
|  10|0x0000000700a00000, 0x0000000700afffe8, 0x0000000700b00000| 99%| O|  |TS  0|AC  0|TAMS 0x0000000700a00000, 0x0000000700a00000|
|  11|0x0000000700b00000, 0x0000000700bffff8, 0x0000000700c00000| 99%| O|  |TS  0|AC  0|TAMS 0x0000000700b00000, 0x0000000700b00000|
|  12|0x0000000700c00000, 0x0000000700d00000, 0x0000000700d00000|100%| O|  |TS  0|AC  0|TAMS 0x0000000700c00000, 0x0000000700c00000|
|  13|0x0000000700d00000, 0x0000000700dd7b58, 0x0000000700e00000| 84%| O|  |TS  0|AC  0|TAMS 0x0000000700d00000, 0x0000000700d00000|
|  14|0x0000000700e00000, 0x0000000700ef9448, 0x0000000700f00000| 97%| O|  |TS  0|AC  0|TAMS 0x0000000700e00000, 0x0000000700e00000|
|  15|0x0000000700f00000, 0x0000000700ffff30, 0x0000000701000000| 99%| O|  |TS  0|AC  0|TAMS 0x0000000700f00000, 0x0000000700f00000|
|  16|0x0000000701000000, 0x00000007010ffff0, 0x0000000701100000| 99%| O|  |TS  0|AC  0|TAMS 0x0000000701000000, 0x0000000701000000|
|  17|0x0000000701100000, 0x00000007011fffe0, 0x0000000701200000| 99%| O|  |TS  0|AC  0|TAMS 0x0000000701100000, 0x0000000701100000|
|  18|0x0000000701200000, 0x00000007012ffe38, 0x0000000701300000| 99%| O|  |TS  0|AC  0|TAMS 0x0000000701200000, 0x0000000701200000|
|  19|0x0000000701300000, 0x00000007013ffff0, 0x0000000701400000| 99%| O|  |TS  0|AC  0|TAMS 0x0000000701300000, 0x0000000701300000|
|  20|0x0000000701400000, 0x00000007014fffc0, 0x0000000701500000| 99%| O|  |TS  0|AC  0|TAMS 0x0000000701400000, 0x0000000701400000|
|  21|0x0000000701500000, 0x00000007015fe3a0, 0x0000000701600000| 99%| O|  |TS  0|AC  0|TAMS 0x0000000701500000, 0x0000000701500000|
|  22|0x0000000701600000, 0x0000000701700000, 0x0000000701700000|100%| O|  |TS  0|AC  0|TAMS 0x0000000701600000, 0x0000000701600000|
|  23|0x0000000701700000, 0x00000007017ffff0, 0x0000000701800000| 99%| O|  |TS  0|AC  0|TAMS 0x0000000701700000, 0x0000000701700000|
|  24|0x0000000701800000, 0x00000007018fffe8, 0x0000000701900000| 99%| O|  |TS  0|AC  0|TAMS 0x0000000701800000, 0x0000000701800000|
|  25|0x0000000701900000, 0x00000007019ffff8, 0x0000000701a00000| 99%| O|  |TS  0|AC  0|TAMS 0x0000000701900000, 0x0000000701900000|
|  26|0x0000000701a00000, 0x0000000701b00000, 0x0000000701b00000|100%| O|  |TS  0|AC  0|TAMS 0x0000000701a00000, 0x0000000701a00000|
|  27|0x0000000701b00000, 0x0000000701bfffc8, 0x0000000701c00000| 99%| O|  |TS  0|AC  0|TAMS 0x0000000701b00000, 0x0000000701b00000|
|  28|0x0000000701c00000, 0x0000000701cfffe0, 0x0000000701d00000| 99%| O|  |TS  0|AC  0|TAMS 0x0000000701c00000, 0x0000000701c00000|
|  29|0x0000000701d00000, 0x0000000701e00000, 0x0000000701e00000|100%| O|  |TS  0|AC  0|TAMS 0x0000000701d00000, 0x0000000701d00000|
|  30|0x0000000701e00000, 0x0000000701effff8, 0x0000000701f00000| 99%| O|  |TS  0|AC  0|TAMS 0x0000000701e00000, 0x0000000701e00000|
|  31|0x0000000701f00000, 0x0000000701fffff8, 0x0000000702000000| 99%| O|  |TS  0|AC  0|TAMS 0x0000000701f00000, 0x0000000701f00000|
|  32|0x0000000702000000, 0x00000007020ffff0, 0x0000000702100000| 99%| O|  |TS  0|AC  0|TAMS 0x0000000702000000, 0x0000000702000000|
|  33|0x0000000702100000, 0x00000007021ffff0, 0x0000000702200000| 99%| O|  |TS  0|AC  0|TAMS 0x0000000702100000, 0x0000000702100000|
|  34|0x0000000702200000, 0x0000000702300000, 0x0000000702300000|100%| O|  |TS  0|AC  0|TAMS 0x0000000702200000, 0x0000000702200000|
|  35|0x0000000702300000, 0x00000007023fffd8, 0x0000000702400000| 99%| O|  |TS  0|AC  0|TAMS 0x0000000702300000, 0x0000000702300000|
|  36|0x0000000702400000, 0x00000007024fffe8, 0x0000000702500000| 99%| O|  |TS  0|AC  0|TAMS 0x0000000702400000, 0x0000000702400000|
|  37|0x0000000702500000, 0x00000007025fffd0, 0x0000000702600000| 99%| O|  |TS  0|AC  0|TAMS 0x0000000702500000, 0x0000000702500000|
|  38|0x0000000702600000, 0x00000007026fffd0, 0x0000000702700000| 99%| O|  |TS  0|AC  0|TAMS 0x0000000702600000, 0x0000000702600000|
|  39|0x0000000702700000, 0x00000007027fffe8, 0x0000000702800000| 99%| O|  |TS  0|AC  0|TAMS 0x0000000702700000, 0x0000000702700000|
|  40|0x0000000702800000, 0x0000000702900000, 0x0000000702900000|100%|HS|  |TS  0|AC  0|TAMS 0x0000000702800000, 0x0000000702800000|
|  41|0x0000000702900000, 0x0000000702a00000, 0x0000000702a00000|100%|HC|  |TS  0|AC  0|TAMS 0x0000000702900000, 0x0000000702900000|
|  42|0x0000000702a00000, 0x0000000702b00000, 0x0000000702b00000|100%|HC|  |TS  0|AC  0|TAMS 0x0000000702a00000, 0x0000000702a00000|
|  43|0x0000000702b00000, 0x0000000702c00000, 0x0000000702c00000|100%|HC|  |TS  0|AC  0|TAMS 0x0000000702b00000, 0x0000000702b00000|
|  44|0x0000000702c00000, 0x0000000702d00000, 0x0000000702d00000|100%|HC|  |TS  0|AC  0|TAMS 0x0000000702c00000, 0x0000000702c00000|
|  45|0x0000000702d00000, 0x0000000702e00000, 0x0000000702e00000|100%|HC|  |TS  0|AC  0|TAMS 0x0000000702d00000, 0x0000000702d00000|
|  46|0x0000000702e00000, 0x0000000702f00000, 0x0000000702f00000|100%|HC|  |TS  0|AC  0|TAMS 0x0000000702e00000, 0x0000000702e00000|
|  47|0x0000000702f00000, 0x0000000703000000, 0x0000000703000000|100%|HC|  |TS  0|AC  0|TAMS 0x0000000702f00000, 0x0000000702f00000|
|  48|0x0000000703000000, 0x0000000703100000, 0x0000000703100000|100%|HC|  |TS  0|AC  0|TAMS 0x0000000703000000, 0x0000000703000000|
|  49|0x0000000703100000, 0x0000000703200000, 0x0000000703200000|100%|HC|  |TS  0|AC  0|TAMS 0x0000000703100000, 0x0000000703100000|
|  50|0x0000000703200000, 0x0000000703300000, 0x0000000703300000|100%|HC|  |TS  0|AC  0|TAMS 0x0000000703200000, 0x0000000703200000|
|  51|0x0000000703300000, 0x0000000703400000, 0x0000000703400000|100%|HC|  |TS  0|AC  0|TAMS 0x0000000703300000, 0x0000000703300000|
|  52|0x0000000703400000, 0x00000007034e2b98, 0x0000000703500000| 88%| O|  |TS  0|AC  0|TAMS 0x0000000703400000, 0x0000000703400000|
|  53|0x0000000703500000, 0x00000007035ffa80, 0x0000000703600000| 99%| O|  |TS  0|AC  0|TAMS 0x0000000703500000, 0x0000000703500000|
|  54|0x0000000703600000, 0x00000007036fffe8, 0x0000000703700000| 99%| O|  |TS  0|AC  0|TAMS 0x0000000703600000, 0x0000000703600000|
|  55|0x0000000703700000, 0x00000007037ffff0, 0x0000000703800000| 99%| O|  |TS  0|AC  0|TAMS 0x0000000703700000, 0x0000000703700000|
|  56|0x0000000703800000, 0x00000007038ffec0, 0x0000000703900000| 99%| O|  |TS  0|AC  0|TAMS 0x0000000703800000, 0x0000000703800000|
|  57|0x0000000703900000, 0x00000007039ffff0, 0x0000000703a00000| 99%| O|  |TS  0|AC  0|TAMS 0x0000000703900000, 0x0000000703900000|
|  58|0x0000000703a00000, 0x0000000703b00000, 0x0000000703b00000|100%| O|  |TS  0|AC  0|TAMS 0x0000000703a00000, 0x0000000703a00000|
|  59|0x0000000703b00000, 0x0000000703c00000, 0x0000000703c00000|100%| O|  |TS  0|AC  0|TAMS 0x0000000703b00000, 0x0000000703b00000|
|  60|0x0000000703c00000, 0x0000000703d00000, 0x0000000703d00000|100%| O|  |TS  0|AC  0|TAMS 0x0000000703c00000, 0x0000000703c00000|
|  61|0x0000000703d00000, 0x0000000703dfffe8, 0x0000000703e00000| 99%| O|  |TS  0|AC  0|TAMS 0x0000000703d00000, 0x0000000703d00000|
|  62|0x0000000703e00000, 0x0000000703efff00, 0x0000000703f00000| 99%| O|  |TS  0|AC  0|TAMS 0x0000000703e00000, 0x0000000703e00000|
|  63|0x0000000703f00000, 0x0000000703fffef8, 0x0000000704000000| 99%| O|  |TS  0|AC  0|TAMS 0x0000000703f00000, 0x0000000703f00000|
|  64|0x0000000704000000, 0x0000000704100000, 0x0000000704100000|100%| O|  |TS  0|AC  0|TAMS 0x0000000704000000, 0x0000000704000000|
|  65|0x0000000704100000, 0x000000070417a890, 0x0000000704200000| 47%| O|  |TS  0|AC  0|TAMS 0x0000000704100000, 0x0000000704100000|
|  66|0x0000000704200000, 0x0000000704200000, 0x0000000704300000|  0%| F|  |TS  0|AC  0|TAMS 0x0000000704200000, 0x0000000704200000|
|  67|0x0000000704300000, 0x0000000704300000, 0x0000000704400000|  0%| F|  |TS  0|AC  0|TAMS 0x0000000704300000, 0x0000000704300000|
|  68|0x0000000704400000, 0x0000000704400000, 0x0000000704500000|  0%| F|  |TS  0|AC  0|TAMS 0x0000000704400000, 0x0000000704400000|
|  69|0x0000000704500000, 0x0000000704500000, 0x0000000704600000|  0%| F|  |TS  0|AC  0|TAMS 0x0000000704500000, 0x0000000704500000|
|  70|0x0000000704600000, 0x0000000704600000, 0x0000000704700000|  0%| F|  |TS  0|AC  0|TAMS 0x0000000704600000, 0x0000000704600000|
|  71|0x0000000704700000, 0x0000000704700000, 0x0000000704800000|  0%| F|  |TS  0|AC  0|TAMS 0x0000000704700000, 0x0000000704700000|
|  72|0x0000000704800000, 0x0000000704900000, 0x0000000704900000|100%|HS|  |TS  0|AC  0|TAMS 0x0000000704800000, 0x0000000704800000|
|  73|0x0000000704900000, 0x0000000704a00000, 0x0000000704a00000|100%|HC|  |TS  0|AC  0|TAMS 0x0000000704900000, 0x0000000704900000|
|  74|0x0000000704a00000, 0x0000000704b00000, 0x0000000704b00000|100%|HC|  |TS  0|AC  0|TAMS 0x0000000704a00000, 0x0000000704a00000|
|  75|0x0000000704b00000, 0x0000000704c00000, 0x0000000704c00000|100%|HC|  |TS  0|AC  0|TAMS 0x0000000704b00000, 0x0000000704b00000|
|  76|0x0000000704c00000, 0x0000000704c00000, 0x0000000704d00000|  0%| F|  |TS  0|AC  0|TAMS 0x0000000704c00000, 0x0000000704c00000|
|  77|0x0000000704d00000, 0x0000000704d00000, 0x0000000704e00000|  0%| F|  |TS  0|AC  0|TAMS 0x0000000704d00000, 0x0000000704d00000|
|  78|0x0000000704e00000, 0x0000000704e00000, 0x0000000704f00000|  0%| F|  |TS  0|AC  0|TAMS 0x0000000704e00000, 0x0000000704e00000|
|  79|0x0000000704f00000, 0x0000000704f00000, 0x0000000705000000|  0%| F|  |TS  0|AC  0|TAMS 0x0000000704f00000, 0x0000000704f00000|
|  80|0x0000000705000000, 0x0000000705000000, 0x0000000705100000|  0%| F|  |TS  0|AC  0|TAMS 0x0000000705000000, 0x0000000705000000|
|  81|0x0000000705100000, 0x0000000705100000, 0x0000000705200000|  0%| F|  |TS  0|AC  0|TAMS 0x0000000705100000, 0x0000000705100000|
|  82|0x0000000705200000, 0x0000000705200000, 0x0000000705300000|  0%| F|  |TS  0|AC  0|TAMS 0x0000000705200000, 0x0000000705200000|
|  83|0x0000000705300000, 0x0000000705300000, 0x0000000705400000|  0%| F|  |TS  0|AC  0|TAMS 0x0000000705300000, 0x0000000705300000|
|  84|0x0000000705400000, 0x0000000705400000, 0x0000000705500000|  0%| F|  |TS  0|AC  0|TAMS 0x0000000705400000, 0x0000000705400000|
|  85|0x0000000705500000, 0x0000000705500000, 0x0000000705600000|  0%| F|  |TS  0|AC  0|TAMS 0x0000000705500000, 0x0000000705500000|
|  86|0x0000000705600000, 0x0000000705600000, 0x0000000705700000|  0%| F|  |TS  0|AC  0|TAMS 0x0000000705600000, 0x0000000705600000|
|  87|0x0000000705700000, 0x0000000705700000, 0x0000000705800000|  0%| F|  |TS  0|AC  0|TAMS 0x0000000705700000, 0x0000000705700000|
|  88|0x0000000705800000, 0x0000000705800000, 0x0000000705900000|  0%| F|  |TS  0|AC  0|TAMS 0x0000000705800000, 0x0000000705800000|
|  89|0x0000000705900000, 0x0000000705900000, 0x0000000705a00000|  0%| F|  |TS  0|AC  0|TAMS 0x0000000705900000, 0x0000000705900000|
|  90|0x0000000705a00000, 0x0000000705a00000, 0x0000000705b00000|  0%| F|  |TS  0|AC  0|TAMS 0x0000000705a00000, 0x0000000705a00000|
|  91|0x0000000705b00000, 0x0000000705b00000, 0x0000000705c00000|  0%| F|  |TS  0|AC  0|TAMS 0x0000000705b00000, 0x0000000705b00000|
|  92|0x0000000705c00000, 0x0000000705c00000, 0x0000000705d00000|  0%| F|  |TS  0|AC  0|TAMS 0x0000000705c00000, 0x0000000705c00000|
|  93|0x0000000705d00000, 0x0000000705d00000, 0x0000000705e00000|  0%| F|  |TS  0|AC  0|TAMS 0x0000000705d00000, 0x0000000705d00000|
|  94|0x0000000705e00000, 0x0000000705e00000, 0x0000000705f00000|  0%| F|  |TS  0|AC  0|TAMS 0x0000000705e00000, 0x0000000705e00000|
|  95|0x0000000705f00000, 0x0000000705f00000, 0x0000000706000000|  0%| F|  |TS  0|AC  0|TAMS 0x0000000705f00000, 0x0000000705f00000|
|  96|0x0000000706000000, 0x0000000706000000, 0x0000000706100000|  0%| F|  |TS  0|AC  0|TAMS 0x0000000706000000, 0x0000000706000000|
|  97|0x0000000706100000, 0x0000000706100000, 0x0000000706200000|  0%| F|  |TS  0|AC  0|TAMS 0x0000000706100000, 0x0000000706100000|
|  98|0x0000000706200000, 0x0000000706200000, 0x0000000706300000|  0%| F|  |TS  0|AC  0|TAMS 0x0000000706200000, 0x0000000706200000|
|  99|0x0000000706300000, 0x0000000706300000, 0x0000000706400000|  0%| F|  |TS  0|AC  0|TAMS 0x0000000706300000, 0x0000000706300000|
| 100|0x0000000706400000, 0x0000000706400000, 0x0000000706500000|  0%| F|  |TS  0|AC  0|TAMS 0x0000000706400000, 0x0000000706400000|
| 101|0x0000000706500000, 0x0000000706500000, 0x0000000706600000|  0%| F|  |TS  0|AC  0|TAMS 0x0000000706500000, 0x0000000706500000|
| 102|0x0000000706600000, 0x0000000706600000, 0x0000000706700000|  0%| F|  |TS  0|AC  0|TAMS 0x0000000706600000, 0x0000000706600000|
| 103|0x0000000706700000, 0x0000000706700000, 0x0000000706800000|  0%| F|  |TS  0|AC  0|TAMS 0x0000000706700000, 0x0000000706700000|
| 104|0x0000000706800000, 0x0000000706800000, 0x0000000706900000|  0%| F|  |TS  0|AC  0|TAMS 0x0000000706800000, 0x0000000706800000|
| 105|0x0000000706900000, 0x0000000706900000, 0x0000000706a00000|  0%| F|  |TS  0|AC  0|TAMS 0x0000000706900000, 0x0000000706900000|
| 106|0x0000000706a00000, 0x0000000706a00000, 0x0000000706b00000|  0%| F|  |TS  0|AC  0|TAMS 0x0000000706a00000, 0x0000000706a00000|
| 107|0x0000000706b00000, 0x0000000706b00000, 0x0000000706c00000|  0%| F|  |TS  0|AC  0|TAMS 0x0000000706b00000, 0x0000000706b00000|
| 108|0x0000000706c00000, 0x0000000706c00000, 0x0000000706d00000|  0%| F|  |TS  0|AC  0|TAMS 0x0000000706c00000, 0x0000000706c00000|
| 109|0x0000000706d00000, 0x0000000706d00000, 0x0000000706e00000|  0%| F|  |TS  0|AC  0|TAMS 0x0000000706d00000, 0x0000000706d00000|
| 110|0x0000000706e00000, 0x0000000706e00000, 0x0000000706f00000|  0%| F|  |TS  0|AC  0|TAMS 0x0000000706e00000, 0x0000000706e00000|
| 111|0x0000000706f00000, 0x0000000706f00000, 0x0000000707000000|  0%| F|  |TS  0|AC  0|TAMS 0x0000000706f00000, 0x0000000706f00000|
| 112|0x0000000707000000, 0x0000000707000000, 0x0000000707100000|  0%| F|  |TS  0|AC  0|TAMS 0x0000000707000000, 0x0000000707000000|
| 113|0x0000000707100000, 0x0000000707100000, 0x0000000707200000|  0%| F|  |TS  0|AC  0|TAMS 0x0000000707100000, 0x0000000707100000|
| 114|0x0000000707200000, 0x0000000707200000, 0x0000000707300000|  0%| F|  |TS  0|AC  0|TAMS 0x0000000707200000, 0x0000000707200000|
| 115|0x0000000707300000, 0x0000000707300000, 0x0000000707400000|  0%| F|  |TS  0|AC  0|TAMS 0x0000000707300000, 0x0000000707300000|
| 116|0x0000000707400000, 0x0000000707400000, 0x0000000707500000|  0%| F|  |TS  0|AC  0|TAMS 0x0000000707400000, 0x0000000707400000|
| 117|0x0000000707500000, 0x0000000707500000, 0x0000000707600000|  0%| F|  |TS  0|AC  0|TAMS 0x0000000707500000, 0x0000000707500000|
| 118|0x0000000707600000, 0x0000000707600000, 0x0000000707700000|  0%| F|  |TS  0|AC  0|TAMS 0x0000000707600000, 0x0000000707600000|
| 119|0x0000000707700000, 0x0000000707700000, 0x0000000707800000|  0%| F|  |TS  0|AC  0|TAMS 0x0000000707700000, 0x0000000707700000|
| 120|0x0000000707800000, 0x0000000707800000, 0x0000000707900000|  0%| F|  |TS  0|AC  0|TAMS 0x0000000707800000, 0x0000000707800000|
| 121|0x0000000707900000, 0x0000000707900000, 0x0000000707a00000|  0%| F|  |TS  0|AC  0|TAMS 0x0000000707900000, 0x0000000707900000|
| 122|0x0000000707a00000, 0x0000000707a00000, 0x0000000707b00000|  0%| F|  |TS  0|AC  0|TAMS 0x0000000707a00000, 0x0000000707a00000|
| 123|0x0000000707b00000, 0x0000000707b00000, 0x0000000707c00000|  0%| F|  |TS  0|AC  0|TAMS 0x0000000707b00000, 0x0000000707b00000|
| 124|0x0000000707c00000, 0x0000000707c00000, 0x0000000707d00000|  0%| F|  |TS  0|AC  0|TAMS 0x0000000707c00000, 0x0000000707c00000|
| 125|0x0000000707d00000, 0x0000000707d00000, 0x0000000707e00000|  0%| F|  |TS  0|AC  0|TAMS 0x0000000707d00000, 0x0000000707d00000|
| 126|0x0000000707e00000, 0x0000000707e00000, 0x0000000707f00000|  0%| F|  |TS  0|AC  0|TAMS 0x0000000707e00000, 0x0000000707e00000|
| 127|0x0000000707f00000, 0x0000000707f00000, 0x0000000708000000|  0%| F|  |TS  0|AC  0|TAMS 0x0000000707f00000, 0x0000000707f00000|
| 128|0x0000000708000000, 0x0000000708000000, 0x0000000708100000|  0%| F|  |TS  0|AC  0|TAMS 0x0000000708000000, 0x0000000708000000|
| 129|0x0000000708100000, 0x0000000708100000, 0x0000000708200000|  0%| F|  |TS  0|AC  0|TAMS 0x0000000708100000, 0x0000000708100000|
| 130|0x0000000708200000, 0x0000000708200000, 0x0000000708300000|  0%| F|  |TS  0|AC  0|TAMS 0x0000000708200000, 0x0000000708200000|
| 131|0x0000000708300000, 0x0000000708300000, 0x0000000708400000|  0%| F|  |TS  0|AC  0|TAMS 0x0000000708300000, 0x0000000708300000|
| 132|0x0000000708400000, 0x0000000708400000, 0x0000000708500000|  0%| F|  |TS  0|AC  0|TAMS 0x0000000708400000, 0x0000000708400000|
| 133|0x0000000708500000, 0x0000000708500000, 0x0000000708600000|  0%| F|  |TS  0|AC  0|TAMS 0x0000000708500000, 0x0000000708500000|
| 134|0x0000000708600000, 0x0000000708600000, 0x0000000708700000|  0%| F|  |TS  0|AC  0|TAMS 0x0000000708600000, 0x0000000708600000|
| 135|0x0000000708700000, 0x0000000708700000, 0x0000000708800000|  0%| F|  |TS  0|AC  0|TAMS 0x0000000708700000, 0x0000000708700000|
| 136|0x0000000708800000, 0x0000000708800000, 0x0000000708900000|  0%| F|  |TS  0|AC  0|TAMS 0x0000000708800000, 0x0000000708800000|
| 137|0x0000000708900000, 0x0000000708900000, 0x0000000708a00000|  0%| F|  |TS  0|AC  0|TAMS 0x0000000708900000, 0x0000000708900000|
| 138|0x0000000708a00000, 0x0000000708a00000, 0x0000000708b00000|  0%| F|  |TS  0|AC  0|TAMS 0x0000000708a00000, 0x0000000708a00000|
| 139|0x0000000708b00000, 0x0000000708b00000, 0x0000000708c00000|  0%| F|  |TS  0|AC  0|TAMS 0x0000000708b00000, 0x0000000708b00000|
| 140|0x0000000708c00000, 0x0000000708c00000, 0x0000000708d00000|  0%| F|  |TS  0|AC  0|TAMS 0x0000000708c00000, 0x0000000708c00000|
| 141|0x0000000708d00000, 0x0000000708d00000, 0x0000000708e00000|  0%| F|  |TS  0|AC  0|TAMS 0x0000000708d00000, 0x0000000708d00000|
| 142|0x0000000708e00000, 0x0000000708e00000, 0x0000000708f00000|  0%| F|  |TS  0|AC  0|TAMS 0x0000000708e00000, 0x0000000708e00000|
| 143|0x0000000708f00000, 0x0000000708f00000, 0x0000000709000000|  0%| F|  |TS  0|AC  0|TAMS 0x0000000708f00000, 0x0000000708f00000|
| 144|0x0000000709000000, 0x0000000709000000, 0x0000000709100000|  0%| F|  |TS  0|AC  0|TAMS 0x0000000709000000, 0x0000000709000000|
| 145|0x0000000709100000, 0x0000000709100000, 0x0000000709200000|  0%| F|  |TS  0|AC  0|TAMS 0x0000000709100000, 0x0000000709100000|
| 146|0x0000000709200000, 0x0000000709200000, 0x0000000709300000|  0%| F|  |TS  0|AC  0|TAMS 0x0000000709200000, 0x0000000709200000|
| 147|0x0000000709300000, 0x0000000709300000, 0x0000000709400000|  0%| F|  |TS  0|AC  0|TAMS 0x0000000709300000, 0x0000000709300000|
| 148|0x0000000709400000, 0x0000000709400000, 0x0000000709500000|  0%| F|  |TS  0|AC  0|TAMS 0x0000000709400000, 0x0000000709400000|
| 149|0x0000000709500000, 0x0000000709500000, 0x0000000709600000|  0%| F|  |TS  0|AC  0|TAMS 0x0000000709500000, 0x0000000709500000|
| 150|0x0000000709600000, 0x0000000709600000, 0x0000000709700000|  0%| F|  |TS  0|AC  0|TAMS 0x0000000709600000, 0x0000000709600000|
| 151|0x0000000709700000, 0x0000000709700000, 0x0000000709800000|  0%| F|  |TS  0|AC  0|TAMS 0x0000000709700000, 0x0000000709700000|
| 152|0x0000000709800000, 0x0000000709800000, 0x0000000709900000|  0%| F|  |TS  0|AC  0|TAMS 0x0000000709800000, 0x0000000709800000|
| 153|0x0000000709900000, 0x0000000709900000, 0x0000000709a00000|  0%| F|  |TS  0|AC  0|TAMS 0x0000000709900000, 0x0000000709900000|
| 154|0x0000000709a00000, 0x0000000709a00000, 0x0000000709b00000|  0%| F|  |TS  0|AC  0|TAMS 0x0000000709a00000, 0x0000000709a00000|
| 155|0x0000000709b00000, 0x0000000709b00000, 0x0000000709c00000|  0%| F|  |TS  0|AC  0|TAMS 0x0000000709b00000, 0x0000000709b00000|
| 156|0x0000000709c00000, 0x0000000709c00000, 0x0000000709d00000|  0%| F|  |TS  0|AC  0|TAMS 0x0000000709c00000, 0x0000000709c00000|
| 157|0x0000000709d00000, 0x0000000709d00000, 0x0000000709e00000|  0%| F|  |TS  0|AC  0|TAMS 0x0000000709d00000, 0x0000000709d00000|
| 158|0x0000000709e00000, 0x0000000709e00000, 0x0000000709f00000|  0%| F|  |TS  0|AC  0|TAMS 0x0000000709e00000, 0x0000000709e00000|
| 159|0x0000000709f00000, 0x0000000709f00000, 0x000000070a000000|  0%| F|  |TS  0|AC  0|TAMS 0x0000000709f00000, 0x0000000709f00000|
| 160|0x000000070a000000, 0x000000070a000000, 0x000000070a100000|  0%| F|  |TS  5|AC  0|TAMS 0x000000070a000000, 0x000000070a000000|
| 161|0x000000070a100000, 0x000000070a100000, 0x000000070a200000|  0%| F|  |TS  9|AC  0|TAMS 0x000000070a100000, 0x000000070a100000|
| 162|0x000000070a200000, 0x000000070a2f43e8, 0x000000070a300000| 95%| S|CS|TS  9|AC  0|TAMS 0x000000070a200000, 0x000000070a200000|
| 163|0x000000070a300000, 0x000000070a300000, 0x000000070a400000|  0%| F|  |TS  9|AC  0|TAMS 0x000000070a300000, 0x000000070a300000|
| 164|0x000000070a400000, 0x000000070a400000, 0x000000070a500000|  0%| F|  |TS  9|AC  0|TAMS 0x000000070a400000, 0x000000070a400000|
| 165|0x000000070a500000, 0x000000070a500000, 0x000000070a600000|  0%| F|  |TS  9|AC  0|TAMS 0x000000070a500000, 0x000000070a500000|
| 166|0x000000070a600000, 0x000000070a600000, 0x000000070a700000|  0%| F|  |TS  9|AC  0|TAMS 0x000000070a600000, 0x000000070a600000|
| 167|0x000000070a700000, 0x000000070a700000, 0x000000070a800000|  0%| F|  |TS  9|AC  0|TAMS 0x000000070a700000, 0x000000070a700000|
| 168|0x000000070a800000, 0x000000070a800000, 0x000000070a900000|  0%| F|  |TS  9|AC  0|TAMS 0x000000070a800000, 0x000000070a800000|
| 169|0x000000070a900000, 0x000000070a900000, 0x000000070aa00000|  0%| F|  |TS  9|AC  0|TAMS 0x000000070a900000, 0x000000070a900000|
| 170|0x000000070aa00000, 0x000000070aa00000, 0x000000070ab00000|  0%| F|  |TS  9|AC  0|TAMS 0x000000070aa00000, 0x000000070aa00000|
| 171|0x000000070ab00000, 0x000000070ab00000, 0x000000070ac00000|  0%| F|  |TS  9|AC  0|TAMS 0x000000070ab00000, 0x000000070ab00000|
| 172|0x000000070ac00000, 0x000000070ac00000, 0x000000070ad00000|  0%| F|  |TS  9|AC  0|TAMS 0x000000070ac00000, 0x000000070ac00000|
| 173|0x000000070ad00000, 0x000000070ad00000, 0x000000070ae00000|  0%| F|  |TS  9|AC  0|TAMS 0x000000070ad00000, 0x000000070ad00000|
| 174|0x000000070ae00000, 0x000000070ae00000, 0x000000070af00000|  0%| F|  |TS  9|AC  0|TAMS 0x000000070ae00000, 0x000000070ae00000|
| 175|0x000000070af00000, 0x000000070af00000, 0x000000070b000000|  0%| F|  |TS  9|AC  0|TAMS 0x000000070af00000, 0x000000070af00000|
| 176|0x000000070b000000, 0x000000070b000000, 0x000000070b100000|  0%| F|  |TS  9|AC  0|TAMS 0x000000070b000000, 0x000000070b000000|
| 177|0x000000070b100000, 0x000000070b100000, 0x000000070b200000|  0%| F|  |TS  9|AC  0|TAMS 0x000000070b100000, 0x000000070b100000|
| 178|0x000000070b200000, 0x000000070b200000, 0x000000070b300000|  0%| F|  |TS  9|AC  0|TAMS 0x000000070b200000, 0x000000070b200000|
| 179|0x000000070b300000, 0x000000070b300000, 0x000000070b400000|  0%| F|  |TS  9|AC  0|TAMS 0x000000070b300000, 0x000000070b300000|
| 180|0x000000070b400000, 0x000000070b400000, 0x000000070b500000|  0%| F|  |TS  9|AC  0|TAMS 0x000000070b400000, 0x000000070b400000|
| 181|0x000000070b500000, 0x000000070b500000, 0x000000070b600000|  0%| F|  |TS  9|AC  0|TAMS 0x000000070b500000, 0x000000070b500000|
| 182|0x000000070b600000, 0x000000070b600000, 0x000000070b700000|  0%| F|  |TS  9|AC  0|TAMS 0x000000070b600000, 0x000000070b600000|
| 183|0x000000070b700000, 0x000000070b700000, 0x000000070b800000|  0%| F|  |TS  9|AC  0|TAMS 0x000000070b700000, 0x000000070b700000|
| 184|0x000000070b800000, 0x000000070b800000, 0x000000070b900000|  0%| F|  |TS  9|AC  0|TAMS 0x000000070b800000, 0x000000070b800000|
| 185|0x000000070b900000, 0x000000070b900000, 0x000000070ba00000|  0%| F|  |TS  9|AC  0|TAMS 0x000000070b900000, 0x000000070b900000|
| 186|0x000000070ba00000, 0x000000070bab47d0, 0x000000070bb00000| 70%| E|  |TS  9|AC  0|TAMS 0x000000070ba00000, 0x000000070ba00000|
| 187|0x000000070bb00000, 0x000000070bc00000, 0x000000070bc00000|100%| E|CS|TS  9|AC  0|TAMS 0x000000070bb00000, 0x000000070bb00000|
| 188|0x000000070bc00000, 0x000000070bd00000, 0x000000070bd00000|100%| E|CS|TS  9|AC  0|TAMS 0x000000070bc00000, 0x000000070bc00000|
| 189|0x000000070bd00000, 0x000000070be00000, 0x000000070be00000|100%| E|CS|TS  9|AC  0|TAMS 0x000000070bd00000, 0x000000070bd00000|
| 190|0x000000070be00000, 0x000000070bf00000, 0x000000070bf00000|100%| E|CS|TS  9|AC  0|TAMS 0x000000070be00000, 0x000000070be00000|
| 191|0x000000070bf00000, 0x000000070c000000, 0x000000070c000000|100%| E|CS|TS  9|AC  0|TAMS 0x000000070bf00000, 0x000000070bf00000|
| 192|0x000000070c000000, 0x000000070c100000, 0x000000070c100000|100%| E|CS|TS  9|AC  0|TAMS 0x000000070c000000, 0x000000070c000000|
| 193|0x000000070c100000, 0x000000070c200000, 0x000000070c200000|100%| E|CS|TS  9|AC  0|TAMS 0x000000070c100000, 0x000000070c100000|
| 194|0x000000070c200000, 0x000000070c300000, 0x000000070c300000|100%| E|CS|TS  9|AC  0|TAMS 0x000000070c200000, 0x000000070c200000|
| 195|0x000000070c300000, 0x000000070c400000, 0x000000070c400000|100%| E|CS|TS  9|AC  0|TAMS 0x000000070c300000, 0x000000070c300000|
| 196|0x000000070c400000, 0x000000070c500000, 0x000000070c500000|100%| E|CS|TS  9|AC  0|TAMS 0x000000070c400000, 0x000000070c400000|
| 197|0x000000070c500000, 0x000000070c600000, 0x000000070c600000|100%| E|CS|TS  9|AC  0|TAMS 0x000000070c500000, 0x000000070c500000|
| 198|0x000000070c600000, 0x000000070c700000, 0x000000070c700000|100%| E|CS|TS  9|AC  0|TAMS 0x000000070c600000, 0x000000070c600000|
| 199|0x000000070c700000, 0x000000070c800000, 0x000000070c800000|100%| E|CS|TS  9|AC  0|TAMS 0x000000070c700000, 0x000000070c700000|
| 200|0x000000070c800000, 0x000000070c900000, 0x000000070c900000|100%| E|CS|TS  9|AC  0|TAMS 0x000000070c800000, 0x000000070c800000|
| 201|0x000000070c900000, 0x000000070ca00000, 0x000000070ca00000|100%| E|CS|TS  9|AC  0|TAMS 0x000000070c900000, 0x000000070c900000|
| 202|0x000000070ca00000, 0x000000070cb00000, 0x000000070cb00000|100%| E|CS|TS  9|AC  0|TAMS 0x000000070ca00000, 0x000000070ca00000|
| 203|0x000000070cb00000, 0x000000070cc00000, 0x000000070cc00000|100%| E|CS|TS  9|AC  0|TAMS 0x000000070cb00000, 0x000000070cb00000|
| 204|0x000000070cc00000, 0x000000070cd00000, 0x000000070cd00000|100%| E|CS|TS  9|AC  0|TAMS 0x000000070cc00000, 0x000000070cc00000|
| 205|0x000000070cd00000, 0x000000070ce00000, 0x000000070ce00000|100%| E|CS|TS  9|AC  0|TAMS 0x000000070cd00000, 0x000000070cd00000|
| 206|0x000000070ce00000, 0x000000070cf00000, 0x000000070cf00000|100%| E|CS|TS  9|AC  0|TAMS 0x000000070ce00000, 0x000000070ce00000|
| 207|0x000000070cf00000, 0x000000070d000000, 0x000000070d000000|100%| E|CS|TS  9|AC  0|TAMS 0x000000070cf00000, 0x000000070cf00000|
| 208|0x000000070d000000, 0x000000070d100000, 0x000000070d100000|100%| E|CS|TS  9|AC  0|TAMS 0x000000070d000000, 0x000000070d000000|
| 209|0x000000070d100000, 0x000000070d200000, 0x000000070d200000|100%| E|CS|TS  9|AC  0|TAMS 0x000000070d100000, 0x000000070d100000|
| 210|0x000000070d200000, 0x000000070d300000, 0x000000070d300000|100%| E|CS|TS  9|AC  0|TAMS 0x000000070d200000, 0x000000070d200000|
| 211|0x000000070d300000, 0x000000070d400000, 0x000000070d400000|100%| E|CS|TS  9|AC  0|TAMS 0x000000070d300000, 0x000000070d300000|
| 212|0x000000070d400000, 0x000000070d500000, 0x000000070d500000|100%| E|CS|TS  9|AC  0|TAMS 0x000000070d400000, 0x000000070d400000|
| 213|0x000000070d500000, 0x000000070d600000, 0x000000070d600000|100%| E|CS|TS  9|AC  0|TAMS 0x000000070d500000, 0x000000070d500000|
| 214|0x000000070d600000, 0x000000070d700000, 0x000000070d700000|100%| E|CS|TS  9|AC  0|TAMS 0x000000070d600000, 0x000000070d600000|
| 215|0x000000070d700000, 0x000000070d800000, 0x000000070d800000|100%| E|CS|TS  9|AC  0|TAMS 0x000000070d700000, 0x000000070d700000|
| 216|0x000000070d800000, 0x000000070d900000, 0x000000070d900000|100%| E|CS|TS  9|AC  0|TAMS 0x000000070d800000, 0x000000070d800000|
| 217|0x000000070d900000, 0x000000070da00000, 0x000000070da00000|100%| E|CS|TS  9|AC  0|TAMS 0x000000070d900000, 0x000000070d900000|
| 218|0x000000070da00000, 0x000000070db00000, 0x000000070db00000|100%| E|CS|TS  9|AC  0|TAMS 0x000000070da00000, 0x000000070da00000|
| 219|0x000000070db00000, 0x000000070dc00000, 0x000000070dc00000|100%| E|CS|TS  9|AC  0|TAMS 0x000000070db00000, 0x000000070db00000|
| 220|0x000000070dc00000, 0x000000070dd00000, 0x000000070dd00000|100%| E|CS|TS  9|AC  0|TAMS 0x000000070dc00000, 0x000000070dc00000|
| 221|0x000000070dd00000, 0x000000070de00000, 0x000000070de00000|100%| E|CS|TS  9|AC  0|TAMS 0x000000070dd00000, 0x000000070dd00000|

Card table byte_map: [0x000001b3f9550000,0x000001b3f9b50000] byte_map_base: 0x000001b3f5d50000

Marking Bits (Prev, Next): (CMBitMap*) 0x000001b3df247730, (CMBitMap*) 0x000001b3df247768
 Prev Bits: [0x000001b3fa150000, 0x000001b3fd150000)
 Next Bits: [0x000001b380000000, 0x000001b383000000)

Polling page: 0x000001b3d91d0000

CodeHeap 'non-profiled nmethods': size=120000Kb used=15550Kb max_used=15550Kb free=104449Kb
 bounds [0x000001b3f1420000, 0x000001b3f2350000, 0x000001b3f8950000]
CodeHeap 'profiled nmethods': size=120000Kb used=36952Kb max_used=36952Kb free=83047Kb
 bounds [0x000001b3e9ef0000, 0x000001b3ec330000, 0x000001b3f1420000]
CodeHeap 'non-nmethods': size=5760Kb used=1780Kb max_used=1822Kb free=3979Kb
 bounds [0x000001b3e9950000, 0x000001b3e9bc0000, 0x000001b3e9ef0000]
 total_blobs=23920 nmethods=14156 adapters=1114
 compilation: enabled

Compilation events (10 events):
Event: 108.557 Thread 0x000001b3dfeba000 16705   !   3       ui.data.n.d.ci::<init> (448 bytes)
Event: 108.559 Thread 0x000001b3dffae000 16709       4       com.google.protobuf.CodedInputStream$ArrayDecoder::getBytesUntilLimit (21 bytes)
Event: 108.559 Thread 0x000001b3dffae000 nmethod 16709 0x000001b3f234ed10 code [0x000001b3f234eea0, 0x000001b3f234ef18]
Event: 108.560 Thread 0x000001b3dfb12800 nmethod 16700 0x000001b3f234ef90 code [0x000001b3f234f160, 0x000001b3f234f7c8]
Event: 108.560 Thread 0x000001b3dfeba000 nmethod 16705 0x000001b3ec322210 code [0x000001b3ec322820, 0x000001b3ec326ae0]
Event: 108.560 Thread 0x000001b3dfeba000 16706       3       ui.data.n.d.cm::<init> (40 bytes)
Event: 108.560 Thread 0x000001b3dfeba000 nmethod 16706 0x000001b3ec328310 code [0x000001b3ec3284e0, 0x000001b3ec3288b8]
Event: 108.560 Thread 0x000001b3dfeba000 16707       3       ui.data.n.b.b.c::<init> (5 bytes)
Event: 108.560 Thread 0x000001b3dfeba000 nmethod 16707 0x000001b3ec328a10 code [0x000001b3ec328bc0, 0x000001b3ec328dd8]
Event: 108.560 Thread 0x000001b3dfeba000 16708       3       ui.data.n.b.c.g::<init> (117 bytes)

GC Heap History (10 events):
Event: 93.565 GC heap before
{Heap before GC invocations=57 (full 4):
 garbage-first heap   total 227328K, used 132240K [0x0000000700000000, 0x00000007001006f0, 0x00000007c0000000)
  region size 1024K, 60 young (61440K), 0 survivors (0K)
 Metaspace       used 78616K, capacity 84446K, committed 84784K, reserved 1122304K
  class space    used 10960K, capacity 11979K, committed 12080K, reserved 1048576K
}
Event: 93.569 GC heap after
{Heap after GC invocations=58 (full 4):
 garbage-first heap   total 227328K, used 71514K [0x0000000700000000, 0x00000007001006f0, 0x00000007c0000000)
  region size 1024K, 1 young (1024K), 1 survivors (1024K)
 Metaspace       used 78616K, capacity 84446K, committed 84784K, reserved 1122304K
  class space    used 10960K, capacity 11979K, committed 12080K, reserved 1048576K
}
Event: 95.224 GC heap before
{Heap before GC invocations=58 (full 4):
 garbage-first heap   total 227328K, used 131930K [0x0000000700000000, 0x00000007001006f0, 0x00000007c0000000)
  region size 1024K, 60 young (61440K), 1 survivors (1024K)
 Metaspace       used 78971K, capacity 84752K, committed 85040K, reserved 1122304K
  class space    used 10998K, capacity 12016K, committed 12080K, reserved 1048576K
}
Event: 95.227 GC heap after
{Heap after GC invocations=59 (full 4):
 garbage-first heap   total 227328K, used 71924K [0x0000000700000000, 0x00000007001006f0, 0x00000007c0000000)
  region size 1024K, 2 young (2048K), 2 survivors (2048K)
 Metaspace       used 78971K, capacity 84752K, committed 85040K, reserved 1122304K
  class space    used 10998K, capacity 12016K, committed 12080K, reserved 1048576K
}
Event: 97.253 GC heap before
{Heap before GC invocations=59 (full 4):
 garbage-first heap   total 227328K, used 131316K [0x0000000700000000, 0x00000007001006f0, 0x00000007c0000000)
  region size 1024K, 60 young (61440K), 2 survivors (2048K)
 Metaspace       used 79067K, capacity 84976K, committed 85040K, reserved 1122304K
  class space    used 11017K, capacity 12052K, committed 12080K, reserved 1048576K
}
Event: 97.257 GC heap after
{Heap after GC invocations=60 (full 4):
 garbage-first heap   total 227328K, used 71772K [0x0000000700000000, 0x00000007001006f0, 0x00000007c0000000)
  region size 1024K, 1 young (1024K), 1 survivors (1024K)
 Metaspace       used 79067K, capacity 84976K, committed 85040K, reserved 1122304K
  class space    used 11017K, capacity 12052K, committed 12080K, reserved 1048576K
}
Event: 97.570 GC heap before
{Heap before GC invocations=60 (full 4):
 garbage-first heap   total 227328K, used 132188K [0x0000000700000000, 0x00000007001006f0, 0x00000007c0000000)
  region size 1024K, 60 young (61440K), 1 survivors (1024K)
 Metaspace       used 79077K, capacity 84976K, committed 85040K, reserved 1122304K
  class space    used 11017K, capacity 12052K, committed 12080K, reserved 1048576K
}
Event: 97.574 GC heap after
{Heap after GC invocations=61 (full 4):
 garbage-first heap   total 227328K, used 71821K [0x0000000700000000, 0x00000007001006f0, 0x00000007c0000000)
  region size 1024K, 1 young (1024K), 1 survivors (1024K)
 Metaspace       used 79077K, capacity 84976K, committed 85040K, reserved 1122304K
  class space    used 11017K, capacity 12052K, committed 12080K, reserved 1048576K
}
Event: 98.934 GC heap before
{Heap before GC invocations=61 (full 4):
 garbage-first heap   total 227328K, used 132237K [0x0000000700000000, 0x00000007001006f0, 0x00000007c0000000)
  region size 1024K, 60 young (61440K), 1 survivors (1024K)
 Metaspace       used 79088K, capacity 84976K, committed 85040K, reserved 1122304K
  class space    used 11017K, capacity 12052K, committed 12080K, reserved 1048576K
}
Event: 98.938 GC heap after
{Heap after GC invocations=62 (full 4):
 garbage-first heap   total 227328K, used 71777K [0x0000000700000000, 0x00000007001006f0, 0x00000007c0000000)
  region size 1024K, 1 young (1024K), 1 survivors (1024K)
 Metaspace       used 79088K, capacity 84976K, committed 85040K, reserved 1122304K
  class space    used 11017K, capacity 12052K, committed 12080K, reserved 1048576K
}

Deoptimization events (10 events):
Event: 103.408 Thread 0x000001b384732000 Uncommon trap: reason=unstable_if action=reinterpret pc=0x000001b3f21c056c method=java.awt.DefaultKeyboardFocusManager.discardKeyEvents(Ljava/awt/Component;)V @ 62 c2
Event: 103.408 Thread 0x000001b384732000 Uncommon trap: reason=unstable_if action=reinterpret pc=0x000001b3f1795b0c method=java.awt.DefaultKeyboardFocusManager.purgeStampedEvents(JJ)V @ 3 c2
Event: 103.413 Thread 0x000001b384732000 Uncommon trap: reason=unstable_if action=reinterpret pc=0x000001b3f1dc6510 method=java.awt.Container.dispatchEventImpl(Ljava/awt/AWTEvent;)V @ 26 c2
Event: 103.465 Thread 0x000001b384732000 Uncommon trap: reason=class_check action=maybe_recompile pc=0x000001b3f1aeba74 method=java.awt.Component.addNotify()V @ 200 c2
Event: 103.518 Thread 0x000001b384732000 Uncommon trap: reason=unstable_if action=reinterpret pc=0x000001b3f21ce6a8 method=com.jidesoft.grid.TreeTableModel.getRowAt(I)Lcom/jidesoft/grid/Row; @ 7 c2
Event: 103.526 Thread 0x000001b384732000 Uncommon trap: reason=unstable_if action=reinterpret pc=0x000001b3f1f8d824 method=javax.swing.AbstractButton.setEnabled(Z)V @ 13 c2
Event: 103.529 Thread 0x000001b384732000 Uncommon trap: reason=unstable_if action=reinterpret pc=0x000001b3f22b4028 method=com.jidesoft.grid.TreeTableModel.getRowAt(I)Lcom/jidesoft/grid/Row; @ 7 c2
Event: 104.481 Thread 0x000001b384732000 Uncommon trap: reason=unstable_if action=reinterpret pc=0x000001b3f2173bc4 method=java.awt.Container.findComponentAtImpl(IIZ)Ljava/awt/Component; @ 17 c2
Event: 108.554 Thread 0x000001b384732000 Uncommon trap: reason=unstable_if action=reinterpret pc=0x000001b3f19ef7c4 method=java.lang.Throwable.getOurStackTrace()[Ljava/lang/StackTraceElement; @ 7 c2
Event: 108.555 Thread 0x000001b384732000 Uncommon trap: reason=unstable_if action=reinterpret pc=0x000001b3f1f5d2c4 method=ui.frmwork.b.d.a(Ljava/awt/AWTEvent;)V @ 82 c2

Classes redefined (0 events):
No events

Internal exceptions (10 events):
Event: 93.802 Thread 0x000001b384732000 Exception <a 'java/lang/NoSuchMethodError'{0x000000070c668330}: java.lang.invoke.DirectMethodHandle$Holder.invokeSpecial(Ljava/lang/Object;Ljava/lang/Object;ILjava/lang/Object;)V> (0x000000070c668330) thrown at [t:/workspace/hotspot/src/share/vm/interpret
Event: 93.802 Thread 0x000001b384732000 Exception <a 'java/lang/NoSuchMethodError'{0x000000070c66dc58}: java.lang.invoke.DirectMethodHandle$Holder.invokeStatic(Ljava/lang/Object;Ljava/lang/Object;ILjava/lang/Object;)Ljava/lang/Object;> (0x000000070c66dc58) thrown at [t:/workspace/hotspot/src/sh
Event: 93.829 Thread 0x000001b384732000 Implicit null exception at 0x000001b3f21d80ba to 0x000001b3f21d8269
Event: 95.197 Thread 0x000001b384732000 Exception <a 'java/lang/NoSuchMethodError'{0x000000070a949270}: method resolution failed> (0x000000070a949270) thrown at [t:/workspace/hotspot/src/share/vm/prims/methodHandles.cpp, line 1256]
Event: 96.060 Thread 0x000001b384732000 Exception <a 'java/lang/NoSuchMethodError'{0x000000070c1af820}: java.lang.invoke.DirectMethodHandle$Holder.invokeSpecial(Ljava/lang/Object;Ljava/lang/Object;IILjava/lang/Object;ILjava/lang/Object;I)Ljava/lang/Object;> (0x000000070c1af820) thrown at [t:/wo
Event: 96.060 Thread 0x000001b384732000 Exception <a 'java/lang/NoSuchMethodError'{0x000000070c1b2f90}: java.lang.invoke.DelegatingMethodHandle$Holder.reinvoke_L(Ljava/lang/Object;IILjava/lang/Object;ILjava/lang/Object;I)Ljava/lang/Object;> (0x000000070c1b2f90) thrown at [t:/workspace/hotspot/s
Event: 96.061 Thread 0x000001b384732000 Exception <a 'java/lang/NoSuchMethodError'{0x000000070c1e2c80}: method resolution failed> (0x000000070c1e2c80) thrown at [t:/workspace/hotspot/src/share/vm/prims/methodHandles.cpp, line 1256]
Event: 101.932 Thread 0x000001b384732000 Implicit null exception at 0x000001b3f2307000 to 0x000001b3f2309dad
Event: 103.390 Thread 0x000001b390fbd000 Exception <a 'java/lang/InterruptedException'{0x000000070c9883d0}: sleep interrupted> (0x000000070c9883d0) thrown at [t:/workspace/hotspot/src/share/vm/prims/jvm.cpp, line 3023]
Event: 108.552 Thread 0x000001b384732000 Exception <a 'ui/frmwork/CommandFailedException'{0x000000070bb68ac0}: Unknown exception occurred> (0x000000070bb68ac0) thrown at [t:/workspace/hotspot/src/share/vm/prims/jni.cpp, line 625]

Events (10 events):
Event: 108.553 loading class java/awt/IllegalComponentStateException
Event: 108.553 loading class java/awt/IllegalComponentStateException done
Event: 108.553 loading class java/util/NoSuchElementException
Event: 108.553 loading class java/util/NoSuchElementException done
Event: 108.554 Thread 0x000001b384732000 Uncommon trap: trap_request=0xffffff5d fr.pc=0x000001b3f19ef7c4 relative=0x0000000000000764
Event: 108.554 Thread 0x000001b384732000 DEOPT PACKING pc=0x000001b3f19ef7c4 sp=0x0000008a884f5040
Event: 108.554 Thread 0x000001b384732000 DEOPT UNPACKING pc=0x000001b3e999df29 sp=0x0000008a884f5038 mode 2
Event: 108.555 Thread 0x000001b384732000 Uncommon trap: trap_request=0xffffff5d fr.pc=0x000001b3f1f5d2c4 relative=0x00000000000001a4
Event: 108.555 Thread 0x000001b384732000 DEOPT PACKING pc=0x000001b3f1f5d2c4 sp=0x0000008a884f9600
Event: 108.555 Thread 0x000001b384732000 DEOPT UNPACKING pc=0x000001b3e999df29 sp=0x0000008a884f9590 mode 2


Dynamic libraries:
0x00007ff7034c0000 - 0x00007ff7034f0000 	D:\Xilinx\Vivado\2018.3\bin\unwrapped\win64.o\vivado.exe
0x00007ffaf5210000 - 0x00007ffaf5405000 	C:\Windows\SYSTEM32\ntdll.dll
0x00007ffaf4f60000 - 0x00007ffaf501e000 	C:\Windows\System32\KERNEL32.DLL
0x00007ffaf2930000 - 0x00007ffaf2bf9000 	C:\Windows\System32\KERNELBASE.dll
0x00007ffaf2d30000 - 0x00007ffaf2e30000 	C:\Windows\System32\ucrtbase.dll
0x00007ffad32d0000 - 0x00007ffad335d000 	C:\Windows\SYSTEM32\MSVCP140.dll
0x00007ffae6f80000 - 0x00007ffae6f94000 	D:\Xilinx\Vivado\2018.3\lib\win64.o\librdi_commonmain.dll
0x00007ffae6520000 - 0x00007ffae6534000 	D:\Xilinx\Vivado\2018.3\lib\win64.o\libboost_signals.dll
0x00007ffae7370000 - 0x00007ffae738b000 	C:\Windows\SYSTEM32\VCRUNTIME140.dll
0x00007ffa906a0000 - 0x00007ffa91534000 	D:\Xilinx\Vivado\2018.3\lib\win64.o\librdi_common.dll
0x00007ffaf5020000 - 0x00007ffaf51c1000 	C:\Windows\System32\USER32.dll
0x00007ffaf2d00000 - 0x00007ffaf2d22000 	C:\Windows\System32\win32u.dll
0x00007ffaf3820000 - 0x00007ffaf384b000 	C:\Windows\System32\GDI32.dll
0x00007ffaf2f40000 - 0x00007ffaf304b000 	C:\Windows\System32\gdi32full.dll
0x00007ffae7850000 - 0x00007ffae785c000 	C:\Windows\SYSTEM32\VCRUNTIME140_1.dll
0x00007ffaf2c60000 - 0x00007ffaf2cfd000 	C:\Windows\System32\msvcp_win.dll
0x00007ffae6340000 - 0x00007ffae6366000 	D:\Xilinx\Vivado\2018.3\lib\win64.o\libboost_filesystem.dll
0x00007ffaf34e0000 - 0x00007ffaf358c000 	C:\Windows\System32\ADVAPI32.dll
0x00007ffaf41e0000 - 0x00007ffaf427e000 	C:\Windows\System32\msvcrt.dll
0x00007ffaf4ec0000 - 0x00007ffaf4f5b000 	C:\Windows\System32\sechost.dll
0x00007ffaf3a00000 - 0x00007ffaf3b2a000 	C:\Windows\System32\RPCRT4.dll
0x00007ffaf4780000 - 0x00007ffaf4ebf000 	C:\Windows\System32\SHELL32.dll
0x00007ffae72c0000 - 0x00007ffae72ca000 	D:\Xilinx\Vivado\2018.3\lib\win64.o\librdi_commonversion.dll
0x0000000050450000 - 0x000000005057b000 	D:\Xilinx\Vivado\2018.3\lib\win64.o\tcl85t.dll
0x00007ffad1770000 - 0x00007ffad1891000 	D:\Xilinx\Vivado\2018.3\lib\win64.o\librdi_commonxillic.dll
0x00007ffaf4710000 - 0x00007ffaf477b000 	C:\Windows\System32\WS2_32.dll
0x00007ffac5260000 - 0x00007ffac5515000 	D:\Xilinx\Vivado\2018.3\lib\win64.o\libXil_lmgr11.dll
0x00007ffac8350000 - 0x00007ffac86be000 	D:\Xilinx\Vivado\2018.3\lib\win64.o\libCOIN-all.dll
0x00007ffaf3590000 - 0x00007ffaf366a000 	C:\Windows\System32\COMDLG32.dll
0x00007ffae6500000 - 0x00007ffae6514000 	D:\Xilinx\Vivado\2018.3\lib\win64.o\libboost_date_time.dll
0x00007ffaf4280000 - 0x00007ffaf45d5000 	C:\Windows\System32\combase.dll
0x00007ffaf3950000 - 0x00007ffaf39fd000 	C:\Windows\System32\shcore.dll
0x00007ffaf33f0000 - 0x00007ffaf3445000 	C:\Windows\System32\SHLWAPI.dll
0x00007ffad2940000 - 0x00007ffad29bf000 	D:\Xilinx\Vivado\2018.3\lib\win64.o\libboost_program_options.dll
0x00007ffad1260000 - 0x00007ffad1374000 	D:\Xilinx\Vivado\2018.3\lib\win64.o\libboost_regex.dll
0x00007ffae6330000 - 0x00007ffae633b000 	D:\Xilinx\Vivado\2018.3\lib\win64.o\libboost_system.dll
0x00007ffaf4100000 - 0x00007ffaf41cd000 	C:\Windows\System32\OLEAUT32.dll
0x00007ffaf45e0000 - 0x00007ffaf470a000 	C:\Windows\System32\ole32.dll
0x00007ffaf2c00000 - 0x00007ffaf2c60000 	C:\Windows\System32\WINTRUST.dll
0x00007ffaf3050000 - 0x00007ffaf31a6000 	C:\Windows\System32\CRYPT32.dll
0x00007ffad22b0000 - 0x00007ffad2332000 	D:\Xilinx\Vivado\2018.3\lib\win64.o\libhdlpsolve.dll
0x00007ffae6320000 - 0x00007ffae632f000 	D:\Xilinx\Vivado\2018.3\lib\win64.o\libboost_xilinx.dll
0x00007ffad1ec0000 - 0x00007ffad1f65000 	D:\Xilinx\Vivado\2018.3\lib\win64.o\libhdxml.dll
0x00007ffab5340000 - 0x00007ffab5b8e600 	D:\Xilinx\Vivado\2018.3\lib\win64.o\libisl_iostreams.dll
0x00007ffae6250000 - 0x00007ffae627e000 	D:\Xilinx\Vivado\2018.3\lib\win64.o\libisl_sysinfo.dll
0x00007ffad28d0000 - 0x00007ffad2935000 	D:\Xilinx\Vivado\2018.3\lib\win64.o\liblmx6.0.dll
0x00007ffae4470000 - 0x00007ffae4491000 	D:\Xilinx\Vivado\2018.3\lib\win64.o\libboost_thread.dll
0x00007ffae43f0000 - 0x00007ffae440a000 	D:\Xilinx\Vivado\2018.3\lib\win64.o\pthreadVC2.dll
0x00007ffae4340000 - 0x00007ffae435c000 	D:\Xilinx\Vivado\2018.3\lib\win64.o\librdiconfig.dll
0x00007ffadac70000 - 0x00007ffadac91000 	D:\Xilinx\Vivado\2018.3\lib\win64.o\librdizlib.dll
0x0000000012000000 - 0x0000000012272000 	D:\Xilinx\Vivado\2018.3\lib\win64.o\xerces-c_3_1.dll
0x00007ffad8bd0000 - 0x00007ffad8be8000 	C:\Windows\SYSTEM32\NETAPI32.dll
0x00007ffad7ac0000 - 0x00007ffad7f90000 	C:\Windows\SYSTEM32\WININET.dll
0x00007ffae9110000 - 0x00007ffae9218000 	C:\Windows\SYSTEM32\WINHTTP.dll
0x00007ffae1a30000 - 0x00007ffae1c1b000 	C:\Windows\SYSTEM32\urlmon.dll
0x00007ffae6310000 - 0x00007ffae6319000 	C:\Windows\SYSTEM32\WSOCK32.dll
0x00007ffadac40000 - 0x00007ffadac6d000 	C:\Windows\SYSTEM32\VCOMP140.DLL
0x00007ffa8eb10000 - 0x00007ffa8f9a1000 	D:\Xilinx\Vivado\2018.3\lib\win64.o\gurobi65.dll
0x00007ffac2770000 - 0x00007ffac2820000 	C:\Windows\WinSxS\amd64_microsoft.windows.common-controls_6595b64144ccf1df_5.82.19041.1110_none_792d1c772443f647\COMCTL32.dll
0x00007ffae7590000 - 0x00007ffae75ad000 	C:\Windows\SYSTEM32\dhcpcsvc.DLL
0x00007ffad7950000 - 0x00007ffad7975000 	D:\Xilinx\Vivado\2018.3\lib\win64.o\libisl_iosutils.dll
0x00007ffadab40000 - 0x00007ffadab5b000 	D:\Xilinx\Vivado\2018.3\lib\win64.o\libboost_iostreams.dll
0x00007ffae6240000 - 0x00007ffae624d000 	D:\Xilinx\Vivado\2018.3\lib\win64.o\libboost_chrono.dll
0x00007ffaf1e90000 - 0x00007ffaf1e9c000 	C:\Windows\SYSTEM32\netutils.dll
0x00007ffadda10000 - 0x00007ffaddcc0000 	C:\Windows\SYSTEM32\iertutil.dll
0x00007ffae3950000 - 0x00007ffae3978000 	C:\Windows\SYSTEM32\srvcli.dll
0x00007ffaf3b30000 - 0x00007ffaf3b60000 	C:\Windows\System32\IMM32.DLL
0x00007ffaf2510000 - 0x00007ffaf2522000 	C:\Windows\SYSTEM32\MSASN1.dll
0x00007ffaf11b0000 - 0x00007ffaf11c2000 	C:\Windows\SYSTEM32\kernel.appcore.dll
0x00007ffaa9d60000 - 0x00007ffaaa255000 	D:\Xilinx\Vivado\2018.3\lib\win64.o\librdi_commontasks.dll
0x00007ffae75b0000 - 0x00007ffae75ba000 	C:\Windows\SYSTEM32\VERSION.dll
0x00007ffaceb30000 - 0x00007ffacedaf000 	D:\Xilinx\Vivado\2018.3\lib\win64.o\librdi_sio.dll
0x00000000775d0000 - 0x0000000077ff5000 	D:\Xilinx\Vivado\2018.3\tps\win64\jre9.0.4\bin\server\jvm.dll
0x00007ffaf41d0000 - 0x00007ffaf41d8000 	C:\Windows\System32\PSAPI.DLL
0x00007ffaf1d80000 - 0x00007ffaf1dbb000 	C:\Windows\SYSTEM32\IPHLPAPI.DLL
0x00007ffad8c90000 - 0x00007ffad8cb7000 	C:\Windows\SYSTEM32\WINMM.dll
0x00007ffad1680000 - 0x00007ffad176f000 	C:\Windows\SYSTEM32\MSVCR120.dll
0x00007ffaf20e0000 - 0x00007ffaf214a000 	C:\Windows\SYSTEM32\MSWSOCK.DLL
0x00007ffaf0740000 - 0x00007ffaf0ed0000 	C:\Windows\SYSTEM32\windows.storage.dll
0x00007ffaf2380000 - 0x00007ffaf23ac000 	C:\Windows\SYSTEM32\Wldp.dll
0x00007ffa8a360000 - 0x00007ffa8c722000 	D:\Xilinx\Vivado\2018.3\lib\win64.o\librdi_tcltasks.dll
0x00007ffaa9980000 - 0x00007ffaa9d5c000 	D:\Xilinx\Vivado\2018.3\lib\win64.o\librdi_bitstream.dll
0x00007ffad0a10000 - 0x00007ffad0b8e000 	D:\Xilinx\Vivado\2018.3\lib\win64.o\librdi_board.dll
0x00007ffacc9d0000 - 0x00007ffaccaac000 	D:\Xilinx\Vivado\2018.3\lib\win64.o\librdi_chipscope.dll
0x00007ffad1fc0000 - 0x00007ffad202a000 	D:\Xilinx\Vivado\2018.3\lib\win64.o\librdi_boarddep.dll
0x00007ffaca470000 - 0x00007ffaca629000 	D:\Xilinx\Vivado\2018.3\lib\win64.o\librdi_chipscopeimpl.dll
0x00007ffaca030000 - 0x00007ffaca178000 	D:\Xilinx\Vivado\2018.3\lib\win64.o\librdi_containers.dll
0x00007ffa88a50000 - 0x00007ffa8a355000 	D:\Xilinx\Vivado\2018.3\lib\win64.o\librdi_constraints.dll
0x00007ffaa5590000 - 0x00007ffaa5c6a000 	D:\Xilinx\Vivado\2018.3\lib\win64.o\librdi_coregenipxact.dll
0x00007ffa78aa0000 - 0x00007ffa7a8bf000 	D:\Xilinx\Vivado\2018.3\lib\win64.o\librdi_coregen.dll
0x00007ffa74ca0000 - 0x00007ffa78a9b000 	D:\Xilinx\Vivado\2018.3\lib\win64.o\librdi_designutils.dll
0x00007ffaa4270000 - 0x00007ffaa47d0000 	D:\Xilinx\Vivado\2018.3\lib\win64.o\librdi_drc.dll
0x00007ffab6980000 - 0x00007ffab6c9b000 	D:\Xilinx\Vivado\2018.3\lib\win64.o\librdi_dlyest.dll
0x00007ffad1980000 - 0x00007ffad1a42000 	D:\Xilinx\Vivado\2018.3\lib\win64.o\librdi_dsp.dll
0x00007ffabebf0000 - 0x00007ffabeeca000 	D:\Xilinx\Vivado\2018.3\lib\win64.o\librdi_guitools.dll
0x00007ffaa3450000 - 0x00007ffaa3a8f000 	D:\Xilinx\Vivado\2018.3\lib\win64.o\librdi_filemgmt.dll
0x00007ffad1b00000 - 0x00007ffad1b5d000 	D:\Xilinx\Vivado\2018.3\lib\win64.o\librdi_hdf.dll
0x00007ffa52510000 - 0x00007ffa63262000 	D:\Xilinx\Vivado\2018.3\lib\win64.o\librdi_device.dll
0x00007ffa73900000 - 0x00007ffa74c91000 	D:\Xilinx\Vivado\2018.3\lib\win64.o\librdi_implflow.dll
0x00007ffad1410000 - 0x00007ffad1481000 	D:\Xilinx\Vivado\2018.3\lib\win64.o\librdi_memoryarray.dll
0x00007ffa9f440000 - 0x00007ffa9fa55000 	D:\Xilinx\Vivado\2018.3\lib\win64.o\librdi_memdata.dll
0x00007ffa8e4d0000 - 0x00007ffa8eb0b000 	D:\Xilinx\Vivado\2018.3\lib\win64.o\librdi_netlist.dll
0x00007ffad50e0000 - 0x00007ffad5130000 	D:\Xilinx\Vivado\2018.3\lib\win64.o\librdi_pfi.dll
0x00007ffa6ff50000 - 0x00007ffa738fc000 	D:\Xilinx\Vivado\2018.3\lib\win64.o\librdi_mig.dll
0x00007ffa6da30000 - 0x00007ffa6ff44000 	D:\Xilinx\Vivado\2018.3\lib\win64.o\librdi_place.dll
0x00007ffaa3140000 - 0x00007ffaa3447000 	D:\Xilinx\Vivado\2018.3\lib\win64.o\librdi_platform.dll
0x00007ffa8d370000 - 0x00007ffa8da65000 	D:\Xilinx\Vivado\2018.3\lib\win64.o\librdi_power.dll
0x00007ffa9eee0000 - 0x00007ffa9f436000 	D:\Xilinx\Vivado\2018.3\lib\win64.o\librdi_project.dll
0x00007ffa88350000 - 0x00007ffa88a43000 	D:\Xilinx\Vivado\2018.3\lib\win64.o\librdi_psta.dll
0x00007ffa8e0f0000 - 0x00007ffa8e4c7000 	D:\Xilinx\Vivado\2018.3\lib\win64.o\librdi_runs.dll
0x00007ffaca880000 - 0x00007ffaca958000 	D:\Xilinx\Vivado\2018.3\lib\win64.o\librdi_runsbase.dll
0x00007ffa87c70000 - 0x00007ffa88349000 	D:\Xilinx\Vivado\2018.3\lib\win64.o\librdi_rsb.dll
0x00007ffac8120000 - 0x00007ffac8348000 	D:\Xilinx\Vivado\2018.3\lib\win64.o\librdi_simdata.dll
0x00007ffa51780000 - 0x00007ffa5250d000 	D:\Xilinx\Vivado\2018.3\lib\win64.o\librdi_timing.dll
0x00007ffac9500000 - 0x00007ffac9654000 	D:\Xilinx\Vivado\2018.3\lib\win64.o\librdi_advchipscopeimpl.dll
0x00007ffad34d0000 - 0x00007ffad351c000 	D:\Xilinx\Vivado\2018.3\lib\win64.o\libboost_serialization.dll
0x00007ffad11a0000 - 0x00007ffad1258000 	D:\Xilinx\Vivado\2018.3\lib\win64.o\librdi_hip_devdesign.dll
0x00007ffacd240000 - 0x00007ffacd2eb000 	D:\Xilinx\Vivado\2018.3\lib\win64.o\librdi_ipconfig_readwrite.dll
0x00007ffad5170000 - 0x00007ffad51a8000 	D:\Xilinx\Vivado\2018.3\lib\win64.o\librdi_noc_frameworks.dll
0x00007ffa50c30000 - 0x00007ffa51777000 	D:\Xilinx\Vivado\2018.3\lib\win64.o\libverific.dll
0x00007ffa878b0000 - 0x00007ffa87c65000 	D:\Xilinx\Vivado\2018.3\lib\win64.o\librdi_hip_config.dll
0x00007ffa506e0000 - 0x00007ffa50c2e000 	D:\Xilinx\Vivado\2018.3\lib\win64.o\librdi_xdm.dll
0x00007ffad1050000 - 0x00007ffad10ee000 	D:\Xilinx\Vivado\2018.3\lib\win64.o\libise.dll
0x00007ffad0620000 - 0x00007ffad0669000 	D:\Xilinx\Vivado\2018.3\lib\win64.o\librdi_wavedata_SimpleApi.dll
0x00007ffa500f0000 - 0x00007ffa506d4000 	D:\Xilinx\Vivado\2018.3\lib\win64.o\librdi_wavedata.dll
0x00007ffad01d0000 - 0x00007ffad0233000 	D:\Xilinx\Vivado\2018.3\lib\win64.o\librdi_hip_mathengine.dll
0x00007ffa4f0e0000 - 0x00007ffa500e2000 	D:\Xilinx\Vivado\2018.3\lib\win64.o\librdi_route.dll
0x00007ffa4d190000 - 0x00007ffa4f0d2000 	D:\Xilinx\Vivado\2018.3\lib\win64.o\librdi_synth.dll

VM Arguments:
jvm_args: -Dsun.java2d.pmoffscreen=false -Dsun.java2d.xrender=false -Dsun.java2d.d3d=false -Dsun.awt.nopixfmt=true -Dsun.java2d.dpiaware=true -Dsun.java2d.uiScale.enabled=false -Xverify:none -Dswing.aatext=true -XX:-UsePerfData -Djdk.map.althashing.threshold=512 -XX:StringTableSize=4072 --add-opens=java.base/java.nio=ALL-UNNAMED --add-opens=java.desktop/sun.swing=ALL-UNNAMED --add-opens=java.desktop/javax.swing=ALL-UNNAMED --add-opens=java.desktop/javax.swing.tree=ALL-UNNAMED --add-opens=java.desktop/javax.swing.plaf.basic=ALL-UNNAMED --add-opens=java.desktop/javax.swing.plaf.synth=ALL-UNNAMED --add-opens=java.desktop/com.sun.awt=ALL-UNNAMED -XX:NewSize=60m -XX:MaxNewSize=60m -Xms128m -Xmx3072m -Xss5m 
java_command: <unknown>
java_class_path (initial): D:/Xilinx/Vivado/2018.3\lib\classes\alloy.jar;D:/Xilinx/Vivado/2018.3\lib\classes\autopilot.scelaborator.jar;D:/Xilinx/Vivado/2018.3\lib\classes\autopilot.sourceprocessor.jar;D:/Xilinx/Vivado/2018.3\lib\classes\autopilot.tbprocessor.jar;D:/Xilinx/Vivado/2018.3\lib\classes\batik-anim.jar;D:/Xilinx/Vivado/2018.3\lib\classes\batik-awt-util.jar;D:/Xilinx/Vivado/2018.3\lib\classes\batik-bridge.jar;D:/Xilinx/Vivado/2018.3\lib\classes\batik-codec.jar;D:/Xilinx/Vivado/2018.3\lib\classes\batik-css.jar;D:/Xilinx/Vivado/2018.3\lib\classes\batik-dom.jar;D:/Xilinx/Vivado/2018.3\lib\classes\batik-ext.jar;D:/Xilinx/Vivado/2018.3\lib\classes\batik-gui-util.jar;D:/Xilinx/Vivado/2018.3\lib\classes\batik-gvt.jar;D:/Xilinx/Vivado/2018.3\lib\classes\batik-parser.jar;D:/Xilinx/Vivado/2018.3\lib\classes\batik-script.jar;D:/Xilinx/Vivado/2018.3\lib\classes\batik-svg-dom.jar;D:/Xilinx/Vivado/2018.3\lib\classes\batik-swing.jar;D:/Xilinx/Vivado/2018.3\lib\classes\batik-transcoder.jar;D:/Xilinx/Vivado/2018.3\lib\classes\batik-util.jar;D:/Xilinx/Vivado/2018.3\lib\classes\batik-xml.jar;D:/Xilinx/Vivado/2018.3\lib\classes\com.ibm.icu_4.4.2.v20110208.jar;D:/Xilinx/Vivado/2018.3\lib\classes\commons-collections4-4.1.jar;D:/Xilinx/Vivado/2018.3\lib\classes\commons-math-2.2.jar;D:/Xilinx/Vivado/2018.3\lib\classes\dom4j-1.6.1.jar;D:/Xilinx/Vivado/2018.3\lib\classes\guava-18.0.jar;D:/Xilinx/Vivado/2018.3\lib\classes\help.jar;D:/Xilinx/Vivado/2018.3\lib\classes\hsqldb.jar;D:/Xilinx/Vivado/2018.3\lib\classes\jargs.jar;D:/Xilinx/Vivado/2018.3\lib\classes\jaxb-api-2.3.0.jar;D:/Xilinx/Vivado/2018.3\lib\classes\jh.jar;D:/Xilinx/Vivado/2018.3\lib\classes\jide-action.jar;D:/Xilinx/Vivado/2018.3\lib\classes\jide-charts.jar;D:/Xilinx/Vivado/2018.3\lib\classes\jide-common.jar;D:/Xilinx/Vivado/2018.3\lib\classes\jide-components.jar;D:/Xilinx/Vivado/2018.3\lib\classes\jide-dashboard.jar;D:/Xilinx/Vivado/2018.3\lib\classes\jide-data.jar;D:/Xilinx/Vivado/2018.3\lib\classes\jide-dialogs.jar
Launcher Type: generic

Logging:
Log output configuration:
#0: stdout all=warning uptime,level,tags
#1: stderr all=off uptime,level,tags

Environment Variables:
JAVA_HOME=C:\Program Files\Java\jdk-16.0.1
CLASSPATH=.;C:\Program Files\Java\jdk-16.0.1\lib;C:\Program Files\Java\jdk-16.0.1\lib\tools.jar
PATH=D:/Xilinx/Vivado/2018.3/bin;D:/Xilinx/Vivado/2018.3/lib/win64.o;D:/Xilinx/Vivado/2018.3/tps/win64/jre9.0.4/bin/server;D:/Xilinx/Vivado/2018.3/tps/win64/jre9.0.4/bin;D:/Xilinx/SDK/2018.3/bin;D:/Xilinx/Vivado/2018.3/ids_lite/ISE/bin/nt64;D:/Xilinx/Vivado/2018.3/ids_lite/ISE/lib/nt64;C:\Program Files\Common Files\Oracle\Java\javapath;C:\Program Files (x86)\Common Files\Oracle\Java\javapath;C:\Windows\system32;C:\Windows;C:\Windows\System32\Wbem;C:\Windows\System32\WindowsPowerShell\v1.0\;C:\Windows\System32\OpenSSH\;C:\texlive\2021\bin\win32;C:\Program Files\Java\jdk-16.0.1\bin; C:\Program Files\Java\jdk-16.0.1\jre\bin;;D:/Xilinx/Vivado/2018.3\tps\mingw\6.2.0\win64.o\nt\bin;D:/Xilinx/Vivado/2018.3\tps\mingw\6.2.0\win64.o\nt\libexec\gcc\x86_64-w64-mingw32\6.2.0
USERNAME=86187
OS=Windows_NT
PROCESSOR_IDENTIFIER=Intel64 Family 6 Model 140 Stepping 1, GenuineIntel



---------------  S Y S T E M  ---------------

OS: Windows 10 , 64 bit Build 19041 (10.0.19041.1202)

CPU:total 8 (initial active 8) (4 cores per cpu, 2 threads per core) family 6 model 140 stepping 1, cmov, cx8, fxsr, mmx, sse, sse2, sse3, ssse3, sse4.1, sse4.2, popcnt, avx, avx2, aes, clmul, erms, 3dnowpref, lzcnt, ht, tsc, tscinvbit, bmi1, bmi2, adx, sha, fma

Memory: 4k page, physical 16555320k(4387500k free), swap 28824824k(5703668k free)

vm_info: Java HotSpot(TM) 64-Bit Server VM (9.0.4+11) for windows-amd64 JRE (9.0.4+11), built on Dec 20 2017 02:18:54 by "mach5one" with MS VC++ 12.0 (VS2013)

END.
